kotlin version: 2.0.21
error message: org.jetbrains.kotlin.backend.common.BackendException: Backend Internal error: Exception during IR lowering
File being compiled: C:/Users/Karan Trivedi/AndroidStudioProjects/PaySetu/app/src/main/java/com/paysetu/app/ui/ledger/LedgerScreen.kt
The root cause java.lang.RuntimeException was thrown at: org.jetbrains.kotlin.backend.jvm.codegen.FunctionCodegen.generate(FunctionCodegen.kt:47)
	at org.jetbrains.kotlin.backend.common.CodegenUtil.reportBackendException(CodegenUtil.kt:253)
	at org.jetbrains.kotlin.backend.common.CodegenUtil.reportBackendException$default(CodegenUtil.kt:236)
	at org.jetbrains.kotlin.backend.common.phaser.PerformByIrFilePhase.invokeSequential(performByIrFile.kt:65)
	at org.jetbrains.kotlin.backend.common.phaser.PerformByIrFilePhase.invoke(performByIrFile.kt:52)
	at org.jetbrains.kotlin.backend.common.phaser.PerformByIrFilePhase.invoke(performByIrFile.kt:38)
	at org.jetbrains.kotlin.backend.common.phaser.NamedCompilerPhase.phaseBody(CompilerPhase.kt:166)
	at org.jetbrains.kotlin.backend.common.phaser.AbstractNamedCompilerPhase.invoke(CompilerPhase.kt:113)
	at org.jetbrains.kotlin.backend.common.phaser.CompositePhase.invoke(PhaseBuilders.kt:27)
	at org.jetbrains.kotlin.backend.common.phaser.CompositePhase.invoke(PhaseBuilders.kt:14)
	at org.jetbrains.kotlin.backend.common.phaser.NamedCompilerPhase.phaseBody(CompilerPhase.kt:166)
	at org.jetbrains.kotlin.backend.common.phaser.AbstractNamedCompilerPhase.invoke(CompilerPhase.kt:113)
	at org.jetbrains.kotlin.backend.common.phaser.CompilerPhaseKt.invokeToplevel(CompilerPhase.kt:62)
	at org.jetbrains.kotlin.backend.jvm.JvmIrCodegenFactory.invokeCodegen(JvmIrCodegenFactory.kt:371)
	at org.jetbrains.kotlin.codegen.CodegenFactory.generateModule(CodegenFactory.kt:47)
	at org.jetbrains.kotlin.backend.jvm.JvmIrCodegenFactory.generateModuleInFrontendIRMode(JvmIrCodegenFactory.kt:433)
	at org.jetbrains.kotlin.cli.jvm.compiler.pipeline.JvmCompilerPipelineKt.generateCodeFromIr(jvmCompilerPipeline.kt:246)
	at org.jetbrains.kotlin.cli.jvm.compiler.pipeline.JvmCompilerPipelineKt.compileModulesUsingFrontendIrAndLightTree(jvmCompilerPipeline.kt:142)
	at org.jetbrains.kotlin.cli.jvm.K2JVMCompiler.doExecute(K2JVMCompiler.kt:148)
	at org.jetbrains.kotlin.cli.jvm.K2JVMCompiler.doExecute(K2JVMCompiler.kt:43)
	at org.jetbrains.kotlin.cli.common.CLICompiler.execImpl(CLICompiler.kt:103)
	at org.jetbrains.kotlin.cli.common.CLICompiler.execImpl(CLICompiler.kt:49)
	at org.jetbrains.kotlin.cli.common.CLITool.exec(CLITool.kt:101)
	at org.jetbrains.kotlin.incremental.IncrementalJvmCompilerRunner.runCompiler(IncrementalJvmCompilerRunner.kt:464)
	at org.jetbrains.kotlin.incremental.IncrementalJvmCompilerRunner.runCompiler(IncrementalJvmCompilerRunner.kt:73)
	at org.jetbrains.kotlin.incremental.IncrementalCompilerRunner.doCompile(IncrementalCompilerRunner.kt:506)
	at org.jetbrains.kotlin.incremental.IncrementalCompilerRunner.compileImpl(IncrementalCompilerRunner.kt:423)
	at org.jetbrains.kotlin.incremental.IncrementalCompilerRunner.compileNonIncrementally(IncrementalCompilerRunner.kt:301)
	at org.jetbrains.kotlin.incremental.IncrementalCompilerRunner.compile(IncrementalCompilerRunner.kt:129)
	at org.jetbrains.kotlin.daemon.CompileServiceImplBase.execIncrementalCompiler(CompileServiceImpl.kt:675)
	at org.jetbrains.kotlin.daemon.CompileServiceImplBase.access$execIncrementalCompiler(CompileServiceImpl.kt:92)
	at org.jetbrains.kotlin.daemon.CompileServiceImpl.compile(CompileServiceImpl.kt:1660)
	at java.base/jdk.internal.reflect.DirectMethodHandleAccessor.invoke(Unknown Source)
	at java.base/java.lang.reflect.Method.invoke(Unknown Source)
	at java.rmi/sun.rmi.server.UnicastServerRef.dispatch(Unknown Source)
	at java.rmi/sun.rmi.transport.Transport$1.run(Unknown Source)
	at java.rmi/sun.rmi.transport.Transport$1.run(Unknown Source)
	at java.base/java.security.AccessController.doPrivileged(Unknown Source)
	at java.rmi/sun.rmi.transport.Transport.serviceCall(Unknown Source)
	at java.rmi/sun.rmi.transport.tcp.TCPTransport.handleMessages(Unknown Source)
	at java.rmi/sun.rmi.transport.tcp.TCPTransport$ConnectionHandler.run0(Unknown Source)
	at java.rmi/sun.rmi.transport.tcp.TCPTransport$ConnectionHandler.lambda$run$0(Unknown Source)
	at java.base/java.security.AccessController.doPrivileged(Unknown Source)
	at java.rmi/sun.rmi.transport.tcp.TCPTransport$ConnectionHandler.run(Unknown Source)
	at java.base/java.util.concurrent.ThreadPoolExecutor.runWorker(Unknown Source)
	at java.base/java.util.concurrent.ThreadPoolExecutor$Worker.run(Unknown Source)
	at java.base/java.lang.Thread.run(Unknown Source)
Caused by: java.lang.RuntimeException: Exception while generating code for:
FUN LOCAL_FUNCTION_FOR_LAMBDA name:LedgerScreen$lambda$3 visibility:private modality:FINAL <> ($transactions$delegate:androidx.compose.runtime.State<kotlin.collections.List<com.paysetu.app.data.ledger.entity.LedgerTransactionEntity>>, $this$LazyColumn:androidx.compose.foundation.lazy.LazyListScope) returnType:kotlin.Unit?
  VALUE_PARAMETER BOUND_VALUE_PARAMETER name:$transactions$delegate index:0 type:androidx.compose.runtime.State<kotlin.collections.List<com.paysetu.app.data.ledger.entity.LedgerTransactionEntity>>
  VALUE_PARAMETER name:$this$LazyColumn index:1 type:androidx.compose.foundation.lazy.LazyListScope
  BLOCK_BODY
    CALL 'public final fun items$default <T> (items: kotlin.collections.List<T of androidx.compose.foundation.lazy.LazyDslKt.items$default>, key: kotlin.Function1<@[ParameterName(name = "item")] T of androidx.compose.foundation.lazy.LazyDslKt.items$default, kotlin.Any>?, contentType: kotlin.Function1<@[ParameterName(name = "item")] T of androidx.compose.foundation.lazy.LazyDslKt.items$default, kotlin.Any?>?, itemContent: @[Composable] @[ExtensionFunctionType] kotlin.Function2<androidx.compose.foundation.lazy.LazyItemScope, @[ParameterName(name = "item")] T of androidx.compose.foundation.lazy.LazyDslKt.items$default, kotlin.Unit>, $mask0: kotlin.Int, $handler: kotlin.Any?): kotlin.Unit [inline] declared in androidx.compose.foundation.lazy.LazyDslKt' type=kotlin.Unit origin=DEFAULT_DISPATCH_CALL
      <T>: com.paysetu.app.data.ledger.entity.LedgerTransactionEntity
      $receiver: GET_VAR '$this$LazyColumn: androidx.compose.foundation.lazy.LazyListScope declared in com.paysetu.app.ui.ledger.LedgerScreenKt.LedgerScreen$lambda$3' type=androidx.compose.foundation.lazy.LazyListScope origin=null
      items: CALL 'private final fun LedgerScreen$lambda$0 ($transactions$delegate: androidx.compose.runtime.State<kotlin.collections.List<com.paysetu.app.data.ledger.entity.LedgerTransactionEntity>>): kotlin.collections.List<com.paysetu.app.data.ledger.entity.LedgerTransactionEntity> declared in com.paysetu.app.ui.ledger.LedgerScreenKt' type=kotlin.collections.List<com.paysetu.app.data.ledger.entity.LedgerTransactionEntity> origin=GET_LOCAL_PROPERTY
        $transactions$delegate: GET_VAR '$transactions$delegate: androidx.compose.runtime.State<kotlin.collections.List<com.paysetu.app.data.ledger.entity.LedgerTransactionEntity>> declared in com.paysetu.app.ui.ledger.LedgerScreenKt.LedgerScreen$lambda$3' type=androidx.compose.runtime.State<kotlin.collections.List<com.paysetu.app.data.ledger.entity.LedgerTransactionEntity>> origin=null
      key: BLOCK type=kotlin.Function1<com.paysetu.app.data.ledger.entity.LedgerTransactionEntity, kotlin.Any> origin=LAMBDA
        COMPOSITE type=kotlin.Unit origin=null
        CALL 'public final fun <jvm-indy> <T> (dynamicCall: T of kotlin.jvm.internal.<jvm-indy>, bootstrapMethodHandle: kotlin.Any, vararg bootstrapMethodArguments: kotlin.Any): T of kotlin.jvm.internal.<jvm-indy> declared in kotlin.jvm.internal' type=kotlin.Function1<com.paysetu.app.data.ledger.entity.LedgerTransactionEntity, kotlin.Any> origin=null
          <T>: kotlin.Function1<com.paysetu.app.data.ledger.entity.LedgerTransactionEntity, kotlin.Any>
          dynamicCall: CALL 'public final fun invoke (): kotlin.Function1<com.paysetu.app.data.ledger.entity.LedgerTransactionEntity, kotlin.Any> declared in kotlin.jvm.internal.invokeDynamic' type=kotlin.Function1<com.paysetu.app.data.ledger.entity.LedgerTransactionEntity, kotlin.Any> origin=null
          bootstrapMethodHandle: CALL 'public final fun <jvm-method-handle> (tag: kotlin.Int, owner: kotlin.String, name: kotlin.String, descriptor: kotlin.String, isInterface: kotlin.Boolean): kotlin.Any declared in kotlin.jvm.internal' type=kotlin.Any origin=null
            tag: CONST Int type=kotlin.Int value=6
            owner: CONST String type=kotlin.String value="java/lang/invoke/LambdaMetafactory"
            name: CONST String type=kotlin.String value="metafactory"
            descriptor: CONST String type=kotlin.String value="(Ljava/lang/invoke/MethodHandles$Lookup;Ljava/lang/String;Ljava/lang/invoke/MethodType;Ljava/lang/invoke/MethodType;Ljava/lang/invoke/MethodHandle;Ljava/lang/invoke/MethodType;)Ljava/lang/invoke/CallSite;"
            isInterface: CONST Boolean type=kotlin.Boolean value=false
          bootstrapMethodArguments: VARARG type=kotlin.Array<kotlin.Any> varargElementType=kotlin.Any
            CALL 'public final fun <jvm-original-method-type> (method: kotlin.Any): kotlin.Any declared in kotlin.jvm.internal' type=kotlin.Any origin=null
              method: RAW_FUNCTION_REFERENCE 'public abstract fun invoke (p1: P1 of kotlin.Function1): R of kotlin.Function1 [operator] declared in kotlin.Function1' type=kotlin.Any
            RAW_FUNCTION_REFERENCE 'private final fun LedgerScreen$lambda$3$lambda$1 (it: com.paysetu.app.data.ledger.entity.LedgerTransactionEntity): kotlin.Any declared in com.paysetu.app.ui.ledger.LedgerScreenKt' type=kotlin.Any
            CALL 'public final fun <jvm-original-method-type> (method: kotlin.Any): kotlin.Any declared in kotlin.jvm.internal' type=kotlin.Any origin=null
              method: RAW_FUNCTION_REFERENCE 'public abstract fun invoke (p1: com.paysetu.app.data.ledger.entity.LedgerTransactionEntity): kotlin.Any [fake_override,operator] declared in kotlin.jvm.internal.invokeDynamic.<fake>' type=kotlin.Any
      contentType: COMPOSITE type=kotlin.Function1<@[ParameterName(name = "item")] T of androidx.compose.foundation.lazy.LazyDslKt.items$default, kotlin.Any?>? origin=DEFAULT_VALUE
        CONST Null type=kotlin.Function1<@[ParameterName(name = "item")] T of androidx.compose.foundation.lazy.LazyDslKt.items$default, kotlin.Any?>? value=null
      itemContent: BLOCK type=@[ExtensionFunctionType] kotlin.Function2<androidx.compose.foundation.lazy.LazyItemScope, com.paysetu.app.data.ledger.entity.LedgerTransactionEntity, kotlin.Unit> origin=LAMBDA
        COMPOSITE type=kotlin.Unit origin=null
        FUNCTION_REFERENCE 'private final fun LedgerScreen$lambda$3$lambda$2 (tx: com.paysetu.app.data.ledger.entity.LedgerTransactionEntity): kotlin.Unit declared in com.paysetu.app.ui.ledger.LedgerScreenKt' type=@[ExtensionFunctionType] kotlin.Function2<androidx.compose.foundation.lazy.LazyItemScope, com.paysetu.app.data.ledger.entity.LedgerTransactionEntity, kotlin.Unit> origin=INLINE_LAMBDA reflectionTarget=null
      $mask0: CONST Int type=kotlin.Int value=4
      $handler: CONST Null type=kotlin.Any? value=null

	at org.jetbrains.kotlin.backend.jvm.codegen.FunctionCodegen.generate(FunctionCodegen.kt:47)
	at org.jetbrains.kotlin.backend.jvm.codegen.FunctionCodegen.generate$default(FunctionCodegen.kt:40)
	at org.jetbrains.kotlin.backend.jvm.codegen.ClassCodegen.generateMethodNode(ClassCodegen.kt:406)
	at org.jetbrains.kotlin.backend.jvm.codegen.ClassCodegen.generateMethod(ClassCodegen.kt:423)
	at org.jetbrains.kotlin.backend.jvm.codegen.ClassCodegen.generate(ClassCodegen.kt:168)
	at org.jetbrains.kotlin.backend.jvm.FileCodegen.lower(JvmPhases.kt:39)
	at org.jetbrains.kotlin.backend.common.phaser.PhaseFactoriesKt.createFilePhase$lambda$4(PhaseFactories.kt:71)
	at org.jetbrains.kotlin.backend.common.phaser.PhaseBuildersKt$createSimpleNamedCompilerPhase$1.phaseBody(PhaseBuilders.kt:69)
	at org.jetbrains.kotlin.backend.common.phaser.SimpleNamedCompilerPhase.phaseBody(CompilerPhase.kt:226)
	at org.jetbrains.kotlin.backend.common.phaser.AbstractNamedCompilerPhase.invoke(CompilerPhase.kt:113)
	at org.jetbrains.kotlin.backend.common.phaser.PerformByIrFilePhase.invokeSequential(performByIrFile.kt:62)
	... 43 more
Caused by: java.lang.RuntimeException: Exception while generating code for:
FUN INLINE_LAMBDA name:LedgerScreen$lambda$3$lambda$2 visibility:private modality:FINAL <> ($receiver:androidx.compose.foundation.lazy.LazyItemScope, tx:com.paysetu.app.data.ledger.entity.LedgerTransactionEntity) returnType:kotlin.Unit
  $receiver: VALUE_PARAMETER name:$this$items type:androidx.compose.foundation.lazy.LazyItemScope
  VALUE_PARAMETER name:tx index:0 type:com.paysetu.app.data.ledger.entity.LedgerTransactionEntity
  BLOCK_BODY
    VAR name:$i$a$-items$default-LedgerScreenKt$LedgerScreen$1$2 type:kotlin.Int [val]
      CONST Int type=kotlin.Int value=0
    CALL 'public final fun Card$default (modifier: androidx.compose.ui.Modifier?, shape: androidx.compose.ui.graphics.Shape?, colors: androidx.compose.material3.CardColors?, elevation: androidx.compose.material3.CardElevation?, border: androidx.compose.foundation.BorderStroke?, content: @[Composable] @[ExtensionFunctionType] kotlin.Function1<androidx.compose.foundation.layout.ColumnScope, kotlin.Unit>, $mask0: kotlin.Int, $handler: kotlin.Any?): kotlin.Unit declared in androidx.compose.material3.CardKt' type=kotlin.Unit origin=DEFAULT_DISPATCH_CALL
      modifier: CALL 'public final fun fillMaxWidth$default (fraction: kotlin.Float, $mask0: kotlin.Int, $handler: kotlin.Any?): androidx.compose.ui.Modifier declared in androidx.compose.foundation.layout.SizeKt' type=androidx.compose.ui.Modifier origin=DEFAULT_DISPATCH_CALL
        $receiver: CALL 'public final fun padding-3ABfNKs (all: androidx.compose.ui.unit.Dp): androidx.compose.ui.Modifier declared in androidx.compose.foundation.layout.PaddingKt' type=androidx.compose.ui.Modifier origin=null
          $receiver: GET_FIELD 'FIELD FIELD_FOR_OBJECT_INSTANCE name:Companion type:androidx.compose.ui.Modifier.Companion visibility:public [final,static] declared in androidx.compose.ui.Modifier' type=androidx.compose.ui.Modifier.Companion origin=null
          all: CALL 'public final fun <get-dp> (): androidx.compose.ui.unit.Dp [inline] declared in androidx.compose.ui.unit.DpKt' type=androidx.compose.ui.unit.Dp origin=GET_PROPERTY
            $receiver: CONST Int type=kotlin.Int value=8
        fraction: COMPOSITE type=kotlin.Float origin=DEFAULT_VALUE
          CONST Float type=kotlin.Float value=0.0
        $mask0: CONST Int type=kotlin.Int value=1
        $handler: CONST Null type=kotlin.Any? value=null
      shape: COMPOSITE type=androidx.compose.ui.graphics.Shape? origin=DEFAULT_VALUE
        CONST Null type=androidx.compose.ui.graphics.Shape? value=null
      colors: COMPOSITE type=androidx.compose.material3.CardColors? origin=DEFAULT_VALUE
        CONST Null type=androidx.compose.material3.CardColors? value=null
      elevation: COMPOSITE type=androidx.compose.material3.CardElevation? origin=DEFAULT_VALUE
        CONST Null type=androidx.compose.material3.CardElevation? value=null
      border: COMPOSITE type=androidx.compose.foundation.BorderStroke? origin=DEFAULT_VALUE
        CONST Null type=androidx.compose.foundation.BorderStroke? value=null
      content: BLOCK type=com.paysetu.app.ui.ledger.LedgerScreenKt.LedgerScreen$lambda$3$lambda$2.<no name provided> origin=null
        CLASS LAMBDA_IMPL CLASS name:<no name provided> modality:FINAL visibility:public/*package*/ superTypes:[kotlin.Any; kotlin.Function1<androidx.compose.foundation.layout.ColumnScope, kotlin.Unit>]
          $this: VALUE_PARAMETER INSTANCE_RECEIVER name:<this> type:com.paysetu.app.ui.ledger.LedgerScreenKt.LedgerScreen$lambda$3$lambda$2.<no name provided>
          CONSTRUCTOR GENERATED_MEMBER_IN_CALLABLE_REFERENCE visibility:public/*package*/ <> ($tx:com.paysetu.app.data.ledger.entity.LedgerTransactionEntity) returnType:com.paysetu.app.ui.ledger.LedgerScreenKt.LedgerScreen$lambda$3$lambda$2.<no name provided> [primary]
            VALUE_PARAMETER BOUND_VALUE_PARAMETER name:$tx index:0 type:com.paysetu.app.data.ledger.entity.LedgerTransactionEntity
            BLOCK_BODY
              SET_FIELD 'FIELD FIELD_FOR_CAPTURED_VALUE name:$tx type:com.paysetu.app.data.ledger.entity.LedgerTransactionEntity visibility:public/*package*/ [final] declared in com.paysetu.app.ui.ledger.LedgerScreenKt.LedgerScreen$lambda$3$lambda$2.<no name provided>' type=kotlin.Unit origin=INITIALIZER_OF_FIELD_FOR_CAPTURED_VALUE
                receiver: GET_VAR '<this>: com.paysetu.app.ui.ledger.LedgerScreenKt.LedgerScreen$lambda$3$lambda$2.<no name provided> declared in com.paysetu.app.ui.ledger.LedgerScreenKt.LedgerScreen$lambda$3$lambda$2.<no name provided>' type=com.paysetu.app.ui.ledger.LedgerScreenKt.LedgerScreen$lambda$3$lambda$2.<no name provided> origin=null
                value: GET_VAR '$tx: com.paysetu.app.data.ledger.entity.LedgerTransactionEntity declared in com.paysetu.app.ui.ledger.LedgerScreenKt.LedgerScreen$lambda$3$lambda$2.<no name provided>.<init>' type=com.paysetu.app.data.ledger.entity.LedgerTransactionEntity origin=null
              DELEGATING_CONSTRUCTOR_CALL 'public constructor <init> () [primary] declared in kotlin.Any'
              BLOCK type=kotlin.Unit origin=null
          FUN name:invoke visibility:public modality:FINAL <> ($this:com.paysetu.app.ui.ledger.LedgerScreenKt.LedgerScreen$lambda$3$lambda$2.<no name provided>, $this$Card:androidx.compose.foundation.layout.ColumnScope) returnType:kotlin.Unit
            overridden:
              public abstract fun invoke (p1: P1 of kotlin.Function1): R of kotlin.Function1 [operator] declared in kotlin.Function1
            $this: VALUE_PARAMETER INSTANCE_RECEIVER name:<this> type:com.paysetu.app.ui.ledger.LedgerScreenKt.LedgerScreen$lambda$3$lambda$2.<no name provided>
            VALUE_PARAMETER name:$this$Card index:0 type:androidx.compose.foundation.layout.ColumnScope
            BLOCK_BODY
              CALL 'public final fun Column$default (modifier: androidx.compose.ui.Modifier?, verticalArrangement: androidx.compose.foundation.layout.Arrangement.Vertical?, horizontalAlignment: androidx.compose.ui.Alignment.Horizontal?, content: @[Composable] @[ExtensionFunctionType] kotlin.Function1<androidx.compose.foundation.layout.ColumnScope, kotlin.Unit>, $mask0: kotlin.Int, $handler: kotlin.Any?): kotlin.Unit [inline] declared in androidx.compose.foundation.layout.ColumnKt' type=kotlin.Unit origin=DEFAULT_DISPATCH_CALL
                modifier: CALL 'public final fun padding-3ABfNKs (all: androidx.compose.ui.unit.Dp): androidx.compose.ui.Modifier declared in androidx.compose.foundation.layout.PaddingKt' type=androidx.compose.ui.Modifier origin=null
                  $receiver: GET_FIELD 'FIELD FIELD_FOR_OBJECT_INSTANCE name:Companion type:androidx.compose.ui.Modifier.Companion visibility:public [final,static] declared in androidx.compose.ui.Modifier' type=androidx.compose.ui.Modifier.Companion origin=null
                  all: CALL 'public final fun <get-dp> (): androidx.compose.ui.unit.Dp [inline] declared in androidx.compose.ui.unit.DpKt' type=androidx.compose.ui.unit.Dp origin=GET_PROPERTY
                    $receiver: CONST Int type=kotlin.Int value=16
                verticalArrangement: COMPOSITE type=androidx.compose.foundation.layout.Arrangement.Vertical? origin=DEFAULT_VALUE
                  CONST Null type=androidx.compose.foundation.layout.Arrangement.Vertical? value=null
                horizontalAlignment: COMPOSITE type=androidx.compose.ui.Alignment.Horizontal? origin=DEFAULT_VALUE
                  CONST Null type=androidx.compose.ui.Alignment.Horizontal? value=null
                content: BLOCK type=@[ExtensionFunctionType] kotlin.Function1<androidx.compose.foundation.layout.ColumnScope, kotlin.Unit> origin=LAMBDA
                  COMPOSITE type=kotlin.Unit origin=null
                  FUNCTION_REFERENCE 'private final fun invoke$lambda$1 ($tx: com.paysetu.app.data.ledger.entity.LedgerTransactionEntity): kotlin.Unit declared in com.paysetu.app.ui.ledger.LedgerScreenKt.LedgerScreen$lambda$3$lambda$2.<no name provided>' type=@[ExtensionFunctionType] kotlin.Function1<androidx.compose.foundation.layout.ColumnScope, kotlin.Unit> origin=INLINE_LAMBDA reflectionTarget=null
                    $tx: GET_FIELD 'FIELD FIELD_FOR_CAPTURED_VALUE name:$tx type:com.paysetu.app.data.ledger.entity.LedgerTransactionEntity visibility:public/*package*/ [final] declared in com.paysetu.app.ui.ledger.LedgerScreenKt.LedgerScreen$lambda$3$lambda$2.<no name provided>' type=com.paysetu.app.data.ledger.entity.LedgerTransactionEntity origin=null
                      receiver: GET_VAR '<this>: com.paysetu.app.ui.ledger.LedgerScreenKt.LedgerScreen$lambda$3$lambda$2.<no name provided> declared in com.paysetu.app.ui.ledger.LedgerScreenKt.LedgerScreen$lambda$3$lambda$2.<no name provided>.invoke' type=com.paysetu.app.ui.ledger.LedgerScreenKt.LedgerScreen$lambda$3$lambda$2.<no name provided> origin=null
                $mask0: CONST Int type=kotlin.Int value=6
                $handler: CONST Null type=kotlin.Any? value=null
          FIELD FIELD_FOR_CAPTURED_VALUE name:$tx type:com.paysetu.app.data.ledger.entity.LedgerTransactionEntity visibility:public/*package*/ [final]
          FUN INLINE_LAMBDA name:invoke$lambda$1$lambda$0 visibility:private modality:FINAL <> ($tx:com.paysetu.app.data.ledger.entity.LedgerTransactionEntity) returnType:kotlin.String
            VALUE_PARAMETER BOUND_VALUE_PARAMETER name:$tx index:0 type:com.paysetu.app.data.ledger.entity.LedgerTransactionEntity
            BLOCK_BODY
              VAR name:$i$a$-remember-LedgerScreenKt$LedgerScreen$1$2$1$1$hashHex$1 type:kotlin.Int [val]
                CONST Int type=kotlin.Int value=0
              RETURN type=kotlin.Nothing from='private final fun invoke$lambda$1$lambda$0 ($tx: com.paysetu.app.data.ledger.entity.LedgerTransactionEntity): kotlin.String declared in com.paysetu.app.ui.ledger.LedgerScreenKt.LedgerScreen$lambda$3$lambda$2.<no name provided>'
                CALL 'public final fun joinToString$default (separator: kotlin.CharSequence?, prefix: kotlin.CharSequence?, postfix: kotlin.CharSequence?, limit: kotlin.Int, truncated: kotlin.CharSequence?, transform: kotlin.Function1<kotlin.Byte, kotlin.CharSequence>?, $mask0: kotlin.Int, $handler: kotlin.Any?): kotlin.String declared in kotlin.collections.ArraysKt' type=kotlin.String origin=DEFAULT_DISPATCH_CALL
                  $receiver: CALL 'public final fun <get-txHash> (): kotlin.ByteArray declared in com.paysetu.app.data.ledger.entity.LedgerTransactionEntity' type=kotlin.ByteArray origin=GET_PROPERTY
                    $this: GET_VAR '$tx: com.paysetu.app.data.ledger.entity.LedgerTransactionEntity declared in com.paysetu.app.ui.ledger.LedgerScreenKt.LedgerScreen$lambda$3$lambda$2.<no name provided>.invoke$lambda$1$lambda$0' type=com.paysetu.app.data.ledger.entity.LedgerTransactionEntity origin=null
                  separator: CONST String type=kotlin.String value=""
                  prefix: COMPOSITE type=kotlin.CharSequence? origin=DEFAULT_VALUE
                    CONST Null type=kotlin.CharSequence? value=null
                  postfix: COMPOSITE type=kotlin.CharSequence? origin=DEFAULT_VALUE
                    CONST Null type=kotlin.CharSequence? value=null
                  limit: COMPOSITE type=kotlin.Int origin=DEFAULT_VALUE
                    CONST Int type=kotlin.Int value=0
                  truncated: COMPOSITE type=kotlin.CharSequence? origin=DEFAULT_VALUE
                    CONST Null type=kotlin.CharSequence? value=null
                  transform: BLOCK type=com.paysetu.app.ui.ledger.LedgerScreenKt.LedgerScreen$lambda$3$lambda$2.<no name provided>.invoke$lambda$1$lambda$0.<no name provided> origin=null
                    CLASS LAMBDA_IMPL CLASS name:<no name provided> modality:FINAL visibility:public/*package*/ superTypes:[kotlin.Any; kotlin.Function1<kotlin.Byte, kotlin.CharSequence>]
                      $this: VALUE_PARAMETER INSTANCE_RECEIVER name:<this> type:com.paysetu.app.ui.ledger.LedgerScreenKt.LedgerScreen$lambda$3$lambda$2.<no name provided>.invoke$lambda$1$lambda$0.<no name provided>
                      CONSTRUCTOR GENERATED_MEMBER_IN_CALLABLE_REFERENCE visibility:public/*package*/ <> () returnType:com.paysetu.app.ui.ledger.LedgerScreenKt.LedgerScreen$lambda$3$lambda$2.<no name provided>.invoke$lambda$1$lambda$0.<no name provided> [primary]
                        BLOCK_BODY
                          DELEGATING_CONSTRUCTOR_CALL 'public constructor <init> () [primary] declared in kotlin.Any'
                          BLOCK type=kotlin.Unit origin=null
                      FUN name:invoke visibility:public modality:FINAL <> ($this:com.paysetu.app.ui.ledger.LedgerScreenKt.LedgerScreen$lambda$3$lambda$2.<no name provided>.invoke$lambda$1$lambda$0.<no name provided>, it:kotlin.Byte) returnType:kotlin.CharSequence
                        overridden:
                          public abstract fun invoke (p1: P1 of kotlin.Function1): R of kotlin.Function1 [operator] declared in kotlin.Function1
                        $this: VALUE_PARAMETER INSTANCE_RECEIVER name:<this> type:com.paysetu.app.ui.ledger.LedgerScreenKt.LedgerScreen$lambda$3$lambda$2.<no name provided>.invoke$lambda$1$lambda$0.<no name provided>
                        VALUE_PARAMETER name:it index:0 type:kotlin.Byte
                        BLOCK_BODY
                          RETURN type=kotlin.Nothing from='public final fun invoke (it: kotlin.Byte): kotlin.CharSequence declared in com.paysetu.app.ui.ledger.LedgerScreenKt.LedgerScreen$lambda$3$lambda$2.<no name provided>.invoke$lambda$1$lambda$0.<no name provided>'
                            CALL 'public final fun format (vararg args: kotlin.Any?): kotlin.String [inline] declared in kotlin.text.StringsKt' type=kotlin.String origin=null
                              $receiver: CONST String type=kotlin.String value="%02x"
                              args: BLOCK type=kotlin.Array<out kotlin.Any?> origin=null
                                VAR IR_TEMPORARY_VARIABLE name:tmp0 type:kotlin.Array<out kotlin.Any?> [val]
                                  CALL 'public final fun arrayOfNulls <T> (size: kotlin.Int): kotlin.Array<T of kotlin.arrayOfNulls?> declared in kotlin' type=kotlin.Array<out kotlin.Any?> origin=null
                                    <T>: kotlin.Any?
                                    size: CONST Int type=kotlin.Int value=1
                                CALL 'public final fun set (index: kotlin.Int, value: T of kotlin.Array): kotlin.Unit [operator] declared in kotlin.Array' type=kotlin.Unit origin=null
                                  $this: GET_VAR 'val tmp0: kotlin.Array<out kotlin.Any?> [val] declared in com.paysetu.app.ui.ledger.LedgerScreenKt.LedgerScreen$lambda$3$lambda$2.<no name provided>.invoke$lambda$1$lambda$0.<no name provided>.invoke' type=kotlin.Array<out kotlin.Any?> origin=null
                                  index: CONST Int type=kotlin.Int value=0
                                  value: GET_VAR 'it: kotlin.Byte declared in com.paysetu.app.ui.ledger.LedgerScreenKt.LedgerScreen$lambda$3$lambda$2.<no name provided>.invoke$lambda$1$lambda$0.<no name provided>.invoke' type=kotlin.Byte origin=null
                                GET_VAR 'val tmp0: kotlin.Array<out kotlin.Any?> [val] declared in com.paysetu.app.ui.ledger.LedgerScreenKt.LedgerScreen$lambda$3$lambda$2.<no name provided>.invoke$lambda$1$lambda$0.<no name provided>.invoke' type=kotlin.Array<out kotlin.Any?> origin=null
                      FIELD FIELD_FOR_OBJECT_INSTANCE name:INSTANCE type:com.paysetu.app.ui.ledger.LedgerScreenKt.LedgerScreen$lambda$3$lambda$2.<no name provided>.invoke$lambda$1$lambda$0.<no name provided> visibility:public [final,static]
                      FUN CLASS_STATIC_INITIALIZER name:<clinit> visibility:public/*package*/ modality:FINAL <> () returnType:kotlin.Unit
                        BLOCK_BODY
                          SET_FIELD 'FIELD FIELD_FOR_OBJECT_INSTANCE name:INSTANCE type:com.paysetu.app.ui.ledger.LedgerScreenKt.LedgerScreen$lambda$3$lambda$2.<no name provided>.invoke$lambda$1$lambda$0.<no name provided> visibility:public [final,static] declared in com.paysetu.app.ui.ledger.LedgerScreenKt.LedgerScreen$lambda$3$lambda$2.<no name provided>.invoke$lambda$1$lambda$0.<no name provided>' type=kotlin.Unit origin=INITIALIZE_FIELD
                            value: CONSTRUCTOR_CALL 'public/*package*/ constructor <init> () [primary] declared in com.paysetu.app.ui.ledger.LedgerScreenKt.LedgerScreen$lambda$3$lambda$2.<no name provided>.invoke$lambda$1$lambda$0.<no name provided>' type=com.paysetu.app.ui.ledger.LedgerScreenKt.LedgerScreen$lambda$3$lambda$2.<no name provided>.invoke$lambda$1$lambda$0.<no name provided> origin=null
                      FUN BRIDGE name:invoke visibility:public modality:OPEN <> ($this:com.paysetu.app.ui.ledger.LedgerScreenKt.LedgerScreen$lambda$3$lambda$2.<no name provided>.invoke$lambda$1$lambda$0.<no name provided>, p1:kotlin.Any?) returnType:kotlin.Any?
                        $this: VALUE_PARAMETER INSTANCE_RECEIVER name:<this> type:com.paysetu.app.ui.ledger.LedgerScreenKt.LedgerScreen$lambda$3$lambda$2.<no name provided>.invoke$lambda$1$lambda$0.<no name provided>
                        VALUE_PARAMETER BRIDGE name:p1 index:0 type:kotlin.Any?
                        EXPRESSION_BODY
                          RETURN type=kotlin.Nothing from='public open fun invoke (p1: kotlin.Any?): kotlin.Any? declared in com.paysetu.app.ui.ledger.LedgerScreenKt.LedgerScreen$lambda$3$lambda$2.<no name provided>.invoke$lambda$1$lambda$0.<no name provided>'
                            CALL 'public final fun invoke (it: kotlin.Byte): kotlin.CharSequence declared in com.paysetu.app.ui.ledger.LedgerScreenKt.LedgerScreen$lambda$3$lambda$2.<no name provided>.invoke$lambda$1$lambda$0.<no name provided>' type=kotlin.CharSequence origin=BRIDGE_DELEGATION
                              $this: GET_VAR '<this>: com.paysetu.app.ui.ledger.LedgerScreenKt.LedgerScreen$lambda$3$lambda$2.<no name provided>.invoke$lambda$1$lambda$0.<no name provided> declared in com.paysetu.app.ui.ledger.LedgerScreenKt.LedgerScreen$lambda$3$lambda$2.<no name provided>.invoke$lambda$1$lambda$0.<no name provided>.invoke' type=com.paysetu.app.ui.ledger.LedgerScreenKt.LedgerScreen$lambda$3$lambda$2.<no name provided>.invoke$lambda$1$lambda$0.<no name provided> origin=null
                              it: TYPE_OP type=kotlin.Byte origin=IMPLICIT_CAST typeOperand=kotlin.Byte
                                GET_VAR 'p1: kotlin.Any? declared in com.paysetu.app.ui.ledger.LedgerScreenKt.LedgerScreen$lambda$3$lambda$2.<no name provided>.invoke$lambda$1$lambda$0.<no name provided>.invoke' type=kotlin.Any? origin=null
                    GET_FIELD 'FIELD FIELD_FOR_OBJECT_INSTANCE name:INSTANCE type:com.paysetu.app.ui.ledger.LedgerScreenKt.LedgerScreen$lambda$3$lambda$2.<no name provided>.invoke$lambda$1$lambda$0.<no name provided> visibility:public [final,static] declared in com.paysetu.app.ui.ledger.LedgerScreenKt.LedgerScreen$lambda$3$lambda$2.<no name provided>.invoke$lambda$1$lambda$0.<no name provided>' type=com.paysetu.app.ui.ledger.LedgerScreenKt.LedgerScreen$lambda$3$lambda$2.<no name provided>.invoke$lambda$1$lambda$0.<no name provided> origin=null
                  $mask0: CONST Int type=kotlin.Int value=30
                  $handler: CONST Null type=kotlin.Any? value=null
          FUN INLINE_LAMBDA name:invoke$lambda$1 visibility:private modality:FINAL <> ($receiver:androidx.compose.foundation.layout.ColumnScope, $tx:com.paysetu.app.data.ledger.entity.LedgerTransactionEntity) returnType:kotlin.Unit
            $receiver: VALUE_PARAMETER name:$this$Column type:androidx.compose.foundation.layout.ColumnScope
            VALUE_PARAMETER BOUND_VALUE_PARAMETER name:$tx index:0 type:com.paysetu.app.data.ledger.entity.LedgerTransactionEntity
            BLOCK_BODY
              VAR name:$i$a$-Column$default-LedgerScreenKt$LedgerScreen$1$2$1$1 type:kotlin.Int [val]
                CONST Int type=kotlin.Int value=0
              CALL 'public final fun Text-80ic1_w$default (text: kotlin.String, modifier: androidx.compose.ui.Modifier?, color: androidx.compose.ui.graphics.Color, fontSize: androidx.compose.ui.unit.TextUnit, fontStyle: androidx.compose.ui.text.font.FontStyle?, fontWeight: androidx.compose.ui.text.font.FontWeight?, fontFamily: androidx.compose.ui.text.font.FontFamily?, letterSpacing: androidx.compose.ui.unit.TextUnit, textDecoration: androidx.compose.ui.text.style.TextDecoration?, textAlign: androidx.compose.ui.text.style.TextAlign?, lineHeight: androidx.compose.ui.unit.TextUnit, overflow: androidx.compose.ui.text.style.TextOverflow, softWrap: kotlin.Boolean, maxLines: kotlin.Int, minLines: kotlin.Int, onTextLayout: kotlin.Function1<androidx.compose.ui.text.TextLayoutResult, kotlin.Unit>?, style: androidx.compose.ui.text.TextStyle?, $mask0: kotlin.Int, $handler: kotlin.Any?): kotlin.Unit declared in androidx.compose.material3.TextKt' type=kotlin.Unit origin=DEFAULT_DISPATCH_CALL
                text: STRING_CONCATENATION type=kotlin.String
                  CONST String type=kotlin.String value="Amount: "
                  CALL 'public final fun <get-amount> (): kotlin.Long declared in com.paysetu.app.data.ledger.entity.LedgerTransactionEntity' type=kotlin.Long origin=GET_PROPERTY
                    $this: GET_VAR '$tx: com.paysetu.app.data.ledger.entity.LedgerTransactionEntity declared in com.paysetu.app.ui.ledger.LedgerScreenKt.LedgerScreen$lambda$3$lambda$2.<no name provided>.invoke$lambda$1' type=com.paysetu.app.data.ledger.entity.LedgerTransactionEntity origin=null
                modifier: COMPOSITE type=androidx.compose.ui.Modifier? origin=DEFAULT_VALUE
                  CONST Null type=androidx.compose.ui.Modifier? value=null
                color: COMPOSITE type=androidx.compose.ui.graphics.Color origin=DEFAULT_VALUE
                  CALL 'public final fun <unsafe-coerce> <T, R> (v: T of kotlin.jvm.internal.<unsafe-coerce>): R of kotlin.jvm.internal.<unsafe-coerce> declared in kotlin.jvm.internal' type=androidx.compose.ui.graphics.Color origin=null
                    <T>: kotlin.Long
                    <R>: androidx.compose.ui.graphics.Color
                    v: CONST Long type=kotlin.Long value=0
                fontSize: COMPOSITE type=androidx.compose.ui.unit.TextUnit origin=DEFAULT_VALUE
                  CALL 'public final fun <unsafe-coerce> <T, R> (v: T of kotlin.jvm.internal.<unsafe-coerce>): R of kotlin.jvm.internal.<unsafe-coerce> declared in kotlin.jvm.internal' type=androidx.compose.ui.unit.TextUnit origin=null
                    <T>: kotlin.Long
                    <R>: androidx.compose.ui.unit.TextUnit
                    v: CONST Long type=kotlin.Long value=0
                fontStyle: COMPOSITE type=androidx.compose.ui.text.font.FontStyle? origin=DEFAULT_VALUE
                  CONST Null type=androidx.compose.ui.text.font.FontStyle? value=null
                fontWeight: COMPOSITE type=androidx.compose.ui.text.font.FontWeight? origin=DEFAULT_VALUE
                  CONST Null type=androidx.compose.ui.text.font.FontWeight? value=null
                fontFamily: COMPOSITE type=androidx.compose.ui.text.font.FontFamily? origin=DEFAULT_VALUE
                  CONST Null type=androidx.compose.ui.text.font.FontFamily? value=null
                letterSpacing: COMPOSITE type=androidx.compose.ui.unit.TextUnit origin=DEFAULT_VALUE
                  CALL 'public final fun <unsafe-coerce> <T, R> (v: T of kotlin.jvm.internal.<unsafe-coerce>): R of kotlin.jvm.internal.<unsafe-coerce> declared in kotlin.jvm.internal' type=androidx.compose.ui.unit.TextUnit origin=null
                    <T>: kotlin.Long
                    <R>: androidx.compose.ui.unit.TextUnit
                    v: CONST Long type=kotlin.Long value=0
                textDecoration: COMPOSITE type=androidx.compose.ui.text.style.TextDecoration? origin=DEFAULT_VALUE
                  CONST Null type=androidx.compose.ui.text.style.TextDecoration? value=null
                textAlign: COMPOSITE type=androidx.compose.ui.text.style.TextAlign? origin=DEFAULT_VALUE
                  CONST Null type=androidx.compose.ui.text.style.TextAlign? value=null
                lineHeight: COMPOSITE type=androidx.compose.ui.unit.TextUnit origin=DEFAULT_VALUE
                  CALL 'public final fun <unsafe-coerce> <T, R> (v: T of kotlin.jvm.internal.<unsafe-coerce>): R of kotlin.jvm.internal.<unsafe-coerce> declared in kotlin.jvm.internal' type=androidx.compose.ui.unit.TextUnit origin=null
                    <T>: kotlin.Long
                    <R>: androidx.compose.ui.unit.TextUnit
                    v: CONST Long type=kotlin.Long value=0
                overflow: COMPOSITE type=androidx.compose.ui.text.style.TextOverflow origin=DEFAULT_VALUE
                  CALL 'public final fun <unsafe-coerce> <T, R> (v: T of kotlin.jvm.internal.<unsafe-coerce>): R of kotlin.jvm.internal.<unsafe-coerce> declared in kotlin.jvm.internal' type=androidx.compose.ui.text.style.TextOverflow origin=null
                    <T>: kotlin.Int
                    <R>: androidx.compose.ui.text.style.TextOverflow
                    v: CONST Int type=kotlin.Int value=0
                softWrap: COMPOSITE type=kotlin.Boolean origin=DEFAULT_VALUE
                  CONST Boolean type=kotlin.Boolean value=false
                maxLines: COMPOSITE type=kotlin.Int origin=DEFAULT_VALUE
                  CONST Int type=kotlin.Int value=0
                minLines: COMPOSITE type=kotlin.Int origin=DEFAULT_VALUE
                  CONST Int type=kotlin.Int value=0
                onTextLayout: COMPOSITE type=kotlin.Function1<androidx.compose.ui.text.TextLayoutResult, kotlin.Unit>? origin=DEFAULT_VALUE
                  CONST Null type=kotlin.Function1<androidx.compose.ui.text.TextLayoutResult, kotlin.Unit>? value=null
                style: COMPOSITE type=androidx.compose.ui.text.TextStyle? origin=DEFAULT_VALUE
                  CONST Null type=androidx.compose.ui.text.TextStyle? value=null
                $mask0: CONST Int type=kotlin.Int value=131070
                $handler: CONST Null type=kotlin.Any? value=null
              CALL 'public final fun Text-80ic1_w$default (text: kotlin.String, modifier: androidx.compose.ui.Modifier?, color: androidx.compose.ui.graphics.Color, fontSize: androidx.compose.ui.unit.TextUnit, fontStyle: androidx.compose.ui.text.font.FontStyle?, fontWeight: androidx.compose.ui.text.font.FontWeight?, fontFamily: androidx.compose.ui.text.font.FontFamily?, letterSpacing: androidx.compose.ui.unit.TextUnit, textDecoration: androidx.compose.ui.text.style.TextDecoration?, textAlign: androidx.compose.ui.text.style.TextAlign?, lineHeight: androidx.compose.ui.unit.TextUnit, overflow: androidx.compose.ui.text.style.TextOverflow, softWrap: kotlin.Boolean, maxLines: kotlin.Int, minLines: kotlin.Int, onTextLayout: kotlin.Function1<androidx.compose.ui.text.TextLayoutResult, kotlin.Unit>?, style: androidx.compose.ui.text.TextStyle?, $mask0: kotlin.Int, $handler: kotlin.Any?): kotlin.Unit declared in androidx.compose.material3.TextKt' type=kotlin.Unit origin=DEFAULT_DISPATCH_CALL
                text: STRING_CONCATENATION type=kotlin.String
                  CONST String type=kotlin.String value="Status: "
                  CALL 'public final fun <get-name> (): kotlin.String [fake_override] declared in com.paysetu.app.data.ledger.entity.TransactionStatus' type=kotlin.String origin=GET_PROPERTY
                    $this: CALL 'public final fun <get-status> (): com.paysetu.app.data.ledger.entity.TransactionStatus declared in com.paysetu.app.data.ledger.entity.LedgerTransactionEntity' type=com.paysetu.app.data.ledger.entity.TransactionStatus origin=GET_PROPERTY
                      $this: GET_VAR '$tx: com.paysetu.app.data.ledger.entity.LedgerTransactionEntity declared in com.paysetu.app.ui.ledger.LedgerScreenKt.LedgerScreen$lambda$3$lambda$2.<no name provided>.invoke$lambda$1' type=com.paysetu.app.data.ledger.entity.LedgerTransactionEntity origin=null
                modifier: COMPOSITE type=androidx.compose.ui.Modifier? origin=DEFAULT_VALUE
                  CONST Null type=androidx.compose.ui.Modifier? value=null
                color: COMPOSITE type=androidx.compose.ui.graphics.Color origin=DEFAULT_VALUE
                  CALL 'public final fun <unsafe-coerce> <T, R> (v: T of kotlin.jvm.internal.<unsafe-coerce>): R of kotlin.jvm.internal.<unsafe-coerce> declared in kotlin.jvm.internal' type=androidx.compose.ui.graphics.Color origin=null
                    <T>: kotlin.Long
                    <R>: androidx.compose.ui.graphics.Color
                    v: CONST Long type=kotlin.Long value=0
                fontSize: COMPOSITE type=androidx.compose.ui.unit.TextUnit origin=DEFAULT_VALUE
                  CALL 'public final fun <unsafe-coerce> <T, R> (v: T of kotlin.jvm.internal.<unsafe-coerce>): R of kotlin.jvm.internal.<unsafe-coerce> declared in kotlin.jvm.internal' type=androidx.compose.ui.unit.TextUnit origin=null
                    <T>: kotlin.Long
                    <R>: androidx.compose.ui.unit.TextUnit
                    v: CONST Long type=kotlin.Long value=0
                fontStyle: COMPOSITE type=androidx.compose.ui.text.font.FontStyle? origin=DEFAULT_VALUE
                  CONST Null type=androidx.compose.ui.text.font.FontStyle? value=null
                fontWeight: COMPOSITE type=androidx.compose.ui.text.font.FontWeight? origin=DEFAULT_VALUE
                  CONST Null type=androidx.compose.ui.text.font.FontWeight? value=null
                fontFamily: COMPOSITE type=androidx.compose.ui.text.font.FontFamily? origin=DEFAULT_VALUE
                  CONST Null type=androidx.compose.ui.text.font.FontFamily? value=null
                letterSpacing: COMPOSITE type=androidx.compose.ui.unit.TextUnit origin=DEFAULT_VALUE
                  CALL 'public final fun <unsafe-coerce> <T, R> (v: T of kotlin.jvm.internal.<unsafe-coerce>): R of kotlin.jvm.internal.<unsafe-coerce> declared in kotlin.jvm.internal' type=androidx.compose.ui.unit.TextUnit origin=null
                    <T>: kotlin.Long
                    <R>: androidx.compose.ui.unit.TextUnit
                    v: CONST Long type=kotlin.Long value=0
                textDecoration: COMPOSITE type=androidx.compose.ui.text.style.TextDecoration? origin=DEFAULT_VALUE
                  CONST Null type=androidx.compose.ui.text.style.TextDecoration? value=null
                textAlign: COMPOSITE type=androidx.compose.ui.text.style.TextAlign? origin=DEFAULT_VALUE
                  CONST Null type=androidx.compose.ui.text.style.TextAlign? value=null
                lineHeight: COMPOSITE type=androidx.compose.ui.unit.TextUnit origin=DEFAULT_VALUE
                  CALL 'public final fun <unsafe-coerce> <T, R> (v: T of kotlin.jvm.internal.<unsafe-coerce>): R of kotlin.jvm.internal.<unsafe-coerce> declared in kotlin.jvm.internal' type=androidx.compose.ui.unit.TextUnit origin=null
                    <T>: kotlin.Long
                    <R>: androidx.compose.ui.unit.TextUnit
                    v: CONST Long type=kotlin.Long value=0
                overflow: COMPOSITE type=androidx.compose.ui.text.style.TextOverflow origin=DEFAULT_VALUE
                  CALL 'public final fun <unsafe-coerce> <T, R> (v: T of kotlin.jvm.internal.<unsafe-coerce>): R of kotlin.jvm.internal.<unsafe-coerce> declared in kotlin.jvm.internal' type=androidx.compose.ui.text.style.TextOverflow origin=null
                    <T>: kotlin.Int
                    <R>: androidx.compose.ui.text.style.TextOverflow
                    v: CONST Int type=kotlin.Int value=0
                softWrap: COMPOSITE type=kotlin.Boolean origin=DEFAULT_VALUE
                  CONST Boolean type=kotlin.Boolean value=false
                maxLines: COMPOSITE type=kotlin.Int origin=DEFAULT_VALUE
                  CONST Int type=kotlin.Int value=0
                minLines: COMPOSITE type=kotlin.Int origin=DEFAULT_VALUE
                  CONST Int type=kotlin.Int value=0
                onTextLayout: COMPOSITE type=kotlin.Function1<androidx.compose.ui.text.TextLayoutResult, kotlin.Unit>? origin=DEFAULT_VALUE
                  CONST Null type=kotlin.Function1<androidx.compose.ui.text.TextLayoutResult, kotlin.Unit>? value=null
                style: COMPOSITE type=androidx.compose.ui.text.TextStyle? origin=DEFAULT_VALUE
                  CONST Null type=androidx.compose.ui.text.TextStyle? value=null
                $mask0: CONST Int type=kotlin.Int value=131070
                $handler: CONST Null type=kotlin.Any? value=null
              CALL 'public final fun Text-80ic1_w$default (text: kotlin.String, modifier: androidx.compose.ui.Modifier?, color: androidx.compose.ui.graphics.Color, fontSize: androidx.compose.ui.unit.TextUnit, fontStyle: androidx.compose.ui.text.font.FontStyle?, fontWeight: androidx.compose.ui.text.font.FontWeight?, fontFamily: androidx.compose.ui.text.font.FontFamily?, letterSpacing: androidx.compose.ui.unit.TextUnit, textDecoration: androidx.compose.ui.text.style.TextDecoration?, textAlign: androidx.compose.ui.text.style.TextAlign?, lineHeight: androidx.compose.ui.unit.TextUnit, overflow: androidx.compose.ui.text.style.TextOverflow, softWrap: kotlin.Boolean, maxLines: kotlin.Int, minLines: kotlin.Int, onTextLayout: kotlin.Function1<androidx.compose.ui.text.TextLayoutResult, kotlin.Unit>?, style: androidx.compose.ui.text.TextStyle?, $mask0: kotlin.Int, $handler: kotlin.Any?): kotlin.Unit declared in androidx.compose.material3.TextKt' type=kotlin.Unit origin=DEFAULT_DISPATCH_CALL
                text: STRING_CONCATENATION type=kotlin.String
                  CONST String type=kotlin.String value="Direction: "
                  CALL 'public final fun <get-name> (): kotlin.String [fake_override] declared in com.paysetu.app.data.ledger.entity.TransactionDirection' type=kotlin.String origin=GET_PROPERTY
                    $this: CALL 'public final fun <get-direction> (): com.paysetu.app.data.ledger.entity.TransactionDirection declared in com.paysetu.app.data.ledger.entity.LedgerTransactionEntity' type=com.paysetu.app.data.ledger.entity.TransactionDirection origin=GET_PROPERTY
                      $this: GET_VAR '$tx: com.paysetu.app.data.ledger.entity.LedgerTransactionEntity declared in com.paysetu.app.ui.ledger.LedgerScreenKt.LedgerScreen$lambda$3$lambda$2.<no name provided>.invoke$lambda$1' type=com.paysetu.app.data.ledger.entity.LedgerTransactionEntity origin=null
                modifier: COMPOSITE type=androidx.compose.ui.Modifier? origin=DEFAULT_VALUE
                  CONST Null type=androidx.compose.ui.Modifier? value=null
                color: COMPOSITE type=androidx.compose.ui.graphics.Color origin=DEFAULT_VALUE
                  CALL 'public final fun <unsafe-coerce> <T, R> (v: T of kotlin.jvm.internal.<unsafe-coerce>): R of kotlin.jvm.internal.<unsafe-coerce> declared in kotlin.jvm.internal' type=androidx.compose.ui.graphics.Color origin=null
                    <T>: kotlin.Long
                    <R>: androidx.compose.ui.graphics.Color
                    v: CONST Long type=kotlin.Long value=0
                fontSize: COMPOSITE type=androidx.compose.ui.unit.TextUnit origin=DEFAULT_VALUE
                  CALL 'public final fun <unsafe-coerce> <T, R> (v: T of kotlin.jvm.internal.<unsafe-coerce>): R of kotlin.jvm.internal.<unsafe-coerce> declared in kotlin.jvm.internal' type=androidx.compose.ui.unit.TextUnit origin=null
                    <T>: kotlin.Long
                    <R>: androidx.compose.ui.unit.TextUnit
                    v: CONST Long type=kotlin.Long value=0
                fontStyle: COMPOSITE type=androidx.compose.ui.text.font.FontStyle? origin=DEFAULT_VALUE
                  CONST Null type=androidx.compose.ui.text.font.FontStyle? value=null
                fontWeight: COMPOSITE type=androidx.compose.ui.text.font.FontWeight? origin=DEFAULT_VALUE
                  CONST Null type=androidx.compose.ui.text.font.FontWeight? value=null
                fontFamily: COMPOSITE type=androidx.compose.ui.text.font.FontFamily? origin=DEFAULT_VALUE
                  CONST Null type=androidx.compose.ui.text.font.FontFamily? value=null
                letterSpacing: COMPOSITE type=androidx.compose.ui.unit.TextUnit origin=DEFAULT_VALUE
                  CALL 'public final fun <unsafe-coerce> <T, R> (v: T of kotlin.jvm.internal.<unsafe-coerce>): R of kotlin.jvm.internal.<unsafe-coerce> declared in kotlin.jvm.internal' type=androidx.compose.ui.unit.TextUnit origin=null
                    <T>: kotlin.Long
                    <R>: androidx.compose.ui.unit.TextUnit
                    v: CONST Long type=kotlin.Long value=0
                textDecoration: COMPOSITE type=androidx.compose.ui.text.style.TextDecoration? origin=DEFAULT_VALUE
                  CONST Null type=androidx.compose.ui.text.style.TextDecoration? value=null
                textAlign: COMPOSITE type=androidx.compose.ui.text.style.TextAlign? origin=DEFAULT_VALUE
                  CONST Null type=androidx.compose.ui.text.style.TextAlign? value=null
                lineHeight: COMPOSITE type=androidx.compose.ui.unit.TextUnit origin=DEFAULT_VALUE
                  CALL 'public final fun <unsafe-coerce> <T, R> (v: T of kotlin.jvm.internal.<unsafe-coerce>): R of kotlin.jvm.internal.<unsafe-coerce> declared in kotlin.jvm.internal' type=androidx.compose.ui.unit.TextUnit origin=null
                    <T>: kotlin.Long
                    <R>: androidx.compose.ui.unit.TextUnit
                    v: CONST Long type=kotlin.Long value=0
                overflow: COMPOSITE type=androidx.compose.ui.text.style.TextOverflow origin=DEFAULT_VALUE
                  CALL 'public final fun <unsafe-coerce> <T, R> (v: T of kotlin.jvm.internal.<unsafe-coerce>): R of kotlin.jvm.internal.<unsafe-coerce> declared in kotlin.jvm.internal' type=androidx.compose.ui.text.style.TextOverflow origin=null
                    <T>: kotlin.Int
                    <R>: androidx.compose.ui.text.style.TextOverflow
                    v: CONST Int type=kotlin.Int value=0
                softWrap: COMPOSITE type=kotlin.Boolean origin=DEFAULT_VALUE
                  CONST Boolean type=kotlin.Boolean value=false
                maxLines: COMPOSITE type=kotlin.Int origin=DEFAULT_VALUE
                  CONST Int type=kotlin.Int value=0
                minLines: COMPOSITE type=kotlin.Int origin=DEFAULT_VALUE
                  CONST Int type=kotlin.Int value=0
                onTextLayout: COMPOSITE type=kotlin.Function1<androidx.compose.ui.text.TextLayoutResult, kotlin.Unit>? origin=DEFAULT_VALUE
                  CONST Null type=kotlin.Function1<androidx.compose.ui.text.TextLayoutResult, kotlin.Unit>? value=null
                style: COMPOSITE type=androidx.compose.ui.text.TextStyle? origin=DEFAULT_VALUE
                  CONST Null type=androidx.compose.ui.text.TextStyle? value=null
                $mask0: CONST Int type=kotlin.Int value=131070
                $handler: CONST Null type=kotlin.Any? value=null
              VAR name:hashHex type:kotlin.String [val]
                CALL 'public final fun remember <T> (key1: kotlin.Any?, calculation: @[DisallowComposableCalls] kotlin.Function0<T of androidx.compose.runtime.ComposablesKt.remember>): T of androidx.compose.runtime.ComposablesKt.remember [inline] declared in androidx.compose.runtime.ComposablesKt' type=kotlin.String origin=null
                  <T>: kotlin.String
                  key1: CALL 'public final fun <get-txHash> (): kotlin.ByteArray declared in com.paysetu.app.data.ledger.entity.LedgerTransactionEntity' type=kotlin.ByteArray origin=GET_PROPERTY
                    $this: GET_VAR '$tx: com.paysetu.app.data.ledger.entity.LedgerTransactionEntity declared in com.paysetu.app.ui.ledger.LedgerScreenKt.LedgerScreen$lambda$3$lambda$2.<no name provided>.invoke$lambda$1' type=com.paysetu.app.data.ledger.entity.LedgerTransactionEntity origin=null
                  calculation: BLOCK type=kotlin.Function0<kotlin.String> origin=LAMBDA
                    COMPOSITE type=kotlin.Unit origin=null
                    FUNCTION_REFERENCE 'private final fun invoke$lambda$1$lambda$0 ($tx: com.paysetu.app.data.ledger.entity.LedgerTransactionEntity): kotlin.String declared in com.paysetu.app.ui.ledger.LedgerScreenKt.LedgerScreen$lambda$3$lambda$2.<no name provided>' type=kotlin.Function0<kotlin.String> origin=INLINE_LAMBDA reflectionTarget=null
                      $tx: GET_VAR '$tx: com.paysetu.app.data.ledger.entity.LedgerTransactionEntity declared in com.paysetu.app.ui.ledger.LedgerScreenKt.LedgerScreen$lambda$3$lambda$2.<no name provided>.invoke$lambda$1' type=com.paysetu.app.data.ledger.entity.LedgerTransactionEntity origin=null
              CALL 'public final fun Text-80ic1_w$default (text: kotlin.String, modifier: androidx.compose.ui.Modifier?, color: androidx.compose.ui.graphics.Color, fontSize: androidx.compose.ui.unit.TextUnit, fontStyle: androidx.compose.ui.text.font.FontStyle?, fontWeight: androidx.compose.ui.text.font.FontWeight?, fontFamily: androidx.compose.ui.text.font.FontFamily?, letterSpacing: androidx.compose.ui.unit.TextUnit, textDecoration: androidx.compose.ui.text.style.TextDecoration?, textAlign: androidx.compose.ui.text.style.TextAlign?, lineHeight: androidx.compose.ui.unit.TextUnit, overflow: androidx.compose.ui.text.style.TextOverflow, softWrap: kotlin.Boolean, maxLines: kotlin.Int, minLines: kotlin.Int, onTextLayout: kotlin.Function1<androidx.compose.ui.text.TextLayoutResult, kotlin.Unit>?, style: androidx.compose.ui.text.TextStyle?, $mask0: kotlin.Int, $handler: kotlin.Any?): kotlin.Unit declared in androidx.compose.material3.TextKt' type=kotlin.Unit origin=DEFAULT_DISPATCH_CALL
                text: STRING_CONCATENATION type=kotlin.String
                  CONST String type=kotlin.String value="TxHash: "
                  CALL 'public final fun take (n: kotlin.Int): kotlin.String declared in kotlin.text.StringsKt' type=kotlin.String origin=null
                    $receiver: GET_VAR 'val hashHex: kotlin.String [val] declared in com.paysetu.app.ui.ledger.LedgerScreenKt.LedgerScreen$lambda$3$lambda$2.<no name provided>.invoke$lambda$1' type=kotlin.String origin=null
                    n: CONST Int type=kotlin.Int value=12
                  CONST String type=kotlin.String value="..."
                modifier: COMPOSITE type=androidx.compose.ui.Modifier? origin=DEFAULT_VALUE
                  CONST Null type=androidx.compose.ui.Modifier? value=null
                color: COMPOSITE type=androidx.compose.ui.graphics.Color origin=DEFAULT_VALUE
                  CALL 'public final fun <unsafe-coerce> <T, R> (v: T of kotlin.jvm.internal.<unsafe-coerce>): R of kotlin.jvm.internal.<unsafe-coerce> declared in kotlin.jvm.internal' type=androidx.compose.ui.graphics.Color origin=null
                    <T>: kotlin.Long
                    <R>: androidx.compose.ui.graphics.Color
                    v: CONST Long type=kotlin.Long value=0
                fontSize: COMPOSITE type=androidx.compose.ui.unit.TextUnit origin=DEFAULT_VALUE
                  CALL 'public final fun <unsafe-coerce> <T, R> (v: T of kotlin.jvm.internal.<unsafe-coerce>): R of kotlin.jvm.internal.<unsafe-coerce> declared in kotlin.jvm.internal' type=androidx.compose.ui.unit.TextUnit origin=null
                    <T>: kotlin.Long
                    <R>: androidx.compose.ui.unit.TextUnit
                    v: CONST Long type=kotlin.Long value=0
                fontStyle: COMPOSITE type=androidx.compose.ui.text.font.FontStyle? origin=DEFAULT_VALUE
                  CONST Null type=androidx.compose.ui.text.font.FontStyle? value=null
                fontWeight: COMPOSITE type=androidx.compose.ui.text.font.FontWeight? origin=DEFAULT_VALUE
                  CONST Null type=androidx.compose.ui.text.font.FontWeight? value=null
                fontFamily: COMPOSITE type=androidx.compose.ui.text.font.FontFamily? origin=DEFAULT_VALUE
                  CONST Null type=androidx.compose.ui.text.font.FontFamily? value=null
                letterSpacing: COMPOSITE type=androidx.compose.ui.unit.TextUnit origin=DEFAULT_VALUE
                  CALL 'public final fun <unsafe-coerce> <T, R> (v: T of kotlin.jvm.internal.<unsafe-coerce>): R of kotlin.jvm.internal.<unsafe-coerce> declared in kotlin.jvm.internal' type=androidx.compose.ui.unit.TextUnit origin=null
                    <T>: kotlin.Long
                    <R>: androidx.compose.ui.unit.TextUnit
                    v: CONST Long type=kotlin.Long value=0
                textDecoration: COMPOSITE type=androidx.compose.ui.text.style.TextDecoration? origin=DEFAULT_VALUE
                  CONST Null type=androidx.compose.ui.text.style.TextDecoration? value=null
                textAlign: COMPOSITE type=androidx.compose.ui.text.style.TextAlign? origin=DEFAULT_VALUE
                  CONST Null type=androidx.compose.ui.text.style.TextAlign? value=null
                lineHeight: COMPOSITE type=androidx.compose.ui.unit.TextUnit origin=DEFAULT_VALUE
                  CALL 'public final fun <unsafe-coerce> <T, R> (v: T of kotlin.jvm.internal.<unsafe-coerce>): R of kotlin.jvm.internal.<unsafe-coerce> declared in kotlin.jvm.internal' type=androidx.compose.ui.unit.TextUnit origin=null
                    <T>: kotlin.Long
                    <R>: androidx.compose.ui.unit.TextUnit
                    v: CONST Long type=kotlin.Long value=0
                overflow: COMPOSITE type=androidx.compose.ui.text.style.TextOverflow origin=DEFAULT_VALUE
                  CALL 'public final fun <unsafe-coerce> <T, R> (v: T of kotlin.jvm.internal.<unsafe-coerce>): R of kotlin.jvm.internal.<unsafe-coerce> declared in kotlin.jvm.internal' type=androidx.compose.ui.text.style.TextOverflow origin=null
                    <T>: kotlin.Int
                    <R>: androidx.compose.ui.text.style.TextOverflow
                    v: CONST Int type=kotlin.Int value=0
                softWrap: COMPOSITE type=kotlin.Boolean origin=DEFAULT_VALUE
                  CONST Boolean type=kotlin.Boolean value=false
                maxLines: COMPOSITE type=kotlin.Int origin=DEFAULT_VALUE
                  CONST Int type=kotlin.Int value=0
                minLines: COMPOSITE type=kotlin.Int origin=DEFAULT_VALUE
                  CONST Int type=kotlin.Int value=0
                onTextLayout: COMPOSITE type=kotlin.Function1<androidx.compose.ui.text.TextLayoutResult, kotlin.Unit>? origin=DEFAULT_VALUE
                  CONST Null type=kotlin.Function1<androidx.compose.ui.text.TextLayoutResult, kotlin.Unit>? value=null
                style: COMPOSITE type=androidx.compose.ui.text.TextStyle? origin=DEFAULT_VALUE
                  CONST Null type=androidx.compose.ui.text.TextStyle? value=null
                $mask0: CONST Int type=kotlin.Int value=131070
                $handler: CONST Null type=kotlin.Any? value=null
          FUN BRIDGE name:invoke visibility:public modality:OPEN <> ($this:com.paysetu.app.ui.ledger.LedgerScreenKt.LedgerScreen$lambda$3$lambda$2.<no name provided>, p1:kotlin.Any?) returnType:kotlin.Any?
            $this: VALUE_PARAMETER INSTANCE_RECEIVER name:<this> type:com.paysetu.app.ui.ledger.LedgerScreenKt.LedgerScreen$lambda$3$lambda$2.<no name provided>
            VALUE_PARAMETER BRIDGE name:p1 index:0 type:kotlin.Any?
            EXPRESSION_BODY
              RETURN type=kotlin.Nothing from='public open fun invoke (p1: kotlin.Any?): kotlin.Any? declared in com.paysetu.app.ui.ledger.LedgerScreenKt.LedgerScreen$lambda$3$lambda$2.<no name provided>'
                CALL 'public final fun invoke ($this$Card: androidx.compose.foundation.layout.ColumnScope): kotlin.Unit declared in com.paysetu.app.ui.ledger.LedgerScreenKt.LedgerScreen$lambda$3$lambda$2.<no name provided>' type=kotlin.Unit origin=BRIDGE_DELEGATION
                  $this: GET_VAR '<this>: com.paysetu.app.ui.ledger.LedgerScreenKt.LedgerScreen$lambda$3$lambda$2.<no name provided> declared in com.paysetu.app.ui.ledger.LedgerScreenKt.LedgerScreen$lambda$3$lambda$2.<no name provided>.invoke' type=com.paysetu.app.ui.ledger.LedgerScreenKt.LedgerScreen$lambda$3$lambda$2.<no name provided> origin=null
                  $this$Card: TYPE_OP type=androidx.compose.foundation.layout.ColumnScope origin=IMPLICIT_CAST typeOperand=androidx.compose.foundation.layout.ColumnScope
                    GET_VAR 'p1: kotlin.Any? declared in com.paysetu.app.ui.ledger.LedgerScreenKt.LedgerScreen$lambda$3$lambda$2.<no name provided>.invoke' type=kotlin.Any? origin=null
        CONSTRUCTOR_CALL 'public/*package*/ constructor <init> ($tx: com.paysetu.app.data.ledger.entity.LedgerTransactionEntity) [primary] declared in com.paysetu.app.ui.ledger.LedgerScreenKt.LedgerScreen$lambda$3$lambda$2.<no name provided>' type=com.paysetu.app.ui.ledger.LedgerScreenKt.LedgerScreen$lambda$3$lambda$2.<no name provided> origin=null
          $tx: GET_VAR 'tx: com.paysetu.app.data.ledger.entity.LedgerTransactionEntity declared in com.paysetu.app.ui.ledger.LedgerScreenKt.LedgerScreen$lambda$3$lambda$2' type=com.paysetu.app.data.ledger.entity.LedgerTransactionEntity origin=null
      $mask0: CONST Int type=kotlin.Int value=30
      $handler: CONST Null type=kotlin.Any? value=null

	at org.jetbrains.kotlin.backend.jvm.codegen.FunctionCodegen.generate(FunctionCodegen.kt:47)
	at org.jetbrains.kotlin.backend.jvm.codegen.IrSourceCompilerForInline.generateLambdaBody(IrSourceCompilerForInline.kt:67)
	at org.jetbrains.kotlin.codegen.inline.ExpressionLambda.generateLambdaBody(LambdaInfo.kt:72)
	at org.jetbrains.kotlin.backend.jvm.codegen.IrInlineCodegen.genValueAndPut(IrInlineCodegen.kt:100)
	at org.jetbrains.kotlin.backend.jvm.codegen.ExpressionCodegen.visitCall$handleParameter(ExpressionCodegen.kt:616)
	at org.jetbrains.kotlin.backend.jvm.codegen.ExpressionCodegen.visitCall(ExpressionCodegen.kt:644)
	at org.jetbrains.kotlin.backend.jvm.codegen.ExpressionCodegen.visitCall(ExpressionCodegen.kt:138)
	at org.jetbrains.kotlin.ir.expressions.IrCall.accept(IrCall.kt:24)
	at org.jetbrains.kotlin.backend.jvm.codegen.ExpressionCodegen.visitStatementContainer(ExpressionCodegen.kt:579)
	at org.jetbrains.kotlin.backend.jvm.codegen.ExpressionCodegen.visitBlockBody(ExpressionCodegen.kt:584)
	at org.jetbrains.kotlin.backend.jvm.codegen.ExpressionCodegen.visitBlockBody(ExpressionCodegen.kt:138)
	at org.jetbrains.kotlin.ir.expressions.IrBlockBody.accept(IrBlockBody.kt:20)
	at org.jetbrains.kotlin.backend.jvm.codegen.ExpressionCodegen.generate(ExpressionCodegen.kt:240)
	at org.jetbrains.kotlin.backend.jvm.codegen.FunctionCodegen.doGenerate(FunctionCodegen.kt:123)
	at org.jetbrains.kotlin.backend.jvm.codegen.FunctionCodegen.generate(FunctionCodegen.kt:44)
	... 53 more
Caused by: java.lang.RuntimeException: Exception while generating code for:
FUN name:invoke visibility:public modality:FINAL <> ($this:com.paysetu.app.ui.ledger.LedgerScreenKt.LedgerScreen$lambda$3$lambda$2.<no name provided>, $this$Card:androidx.compose.foundation.layout.ColumnScope) returnType:kotlin.Unit
  overridden:
    public abstract fun invoke (p1: P1 of kotlin.Function1): R of kotlin.Function1 [operator] declared in kotlin.Function1
  $this: VALUE_PARAMETER INSTANCE_RECEIVER name:<this> type:com.paysetu.app.ui.ledger.LedgerScreenKt.LedgerScreen$lambda$3$lambda$2.<no name provided>
  VALUE_PARAMETER name:$this$Card index:0 type:androidx.compose.foundation.layout.ColumnScope
  BLOCK_BODY
    CALL 'public final fun Column$default (modifier: androidx.compose.ui.Modifier?, verticalArrangement: androidx.compose.foundation.layout.Arrangement.Vertical?, horizontalAlignment: androidx.compose.ui.Alignment.Horizontal?, content: @[Composable] @[ExtensionFunctionType] kotlin.Function1<androidx.compose.foundation.layout.ColumnScope, kotlin.Unit>, $mask0: kotlin.Int, $handler: kotlin.Any?): kotlin.Unit [inline] declared in androidx.compose.foundation.layout.ColumnKt' type=kotlin.Unit origin=DEFAULT_DISPATCH_CALL
      modifier: CALL 'public final fun padding-3ABfNKs (all: androidx.compose.ui.unit.Dp): androidx.compose.ui.Modifier declared in androidx.compose.foundation.layout.PaddingKt' type=androidx.compose.ui.Modifier origin=null
        $receiver: GET_FIELD 'FIELD FIELD_FOR_OBJECT_INSTANCE name:Companion type:androidx.compose.ui.Modifier.Companion visibility:public [final,static] declared in androidx.compose.ui.Modifier' type=androidx.compose.ui.Modifier.Companion origin=null
        all: CALL 'public final fun <get-dp> (): androidx.compose.ui.unit.Dp [inline] declared in androidx.compose.ui.unit.DpKt' type=androidx.compose.ui.unit.Dp origin=GET_PROPERTY
          $receiver: CONST Int type=kotlin.Int value=16
      verticalArrangement: COMPOSITE type=androidx.compose.foundation.layout.Arrangement.Vertical? origin=DEFAULT_VALUE
        CONST Null type=androidx.compose.foundation.layout.Arrangement.Vertical? value=null
      horizontalAlignment: COMPOSITE type=androidx.compose.ui.Alignment.Horizontal? origin=DEFAULT_VALUE
        CONST Null type=androidx.compose.ui.Alignment.Horizontal? value=null
      content: BLOCK type=@[ExtensionFunctionType] kotlin.Function1<androidx.compose.foundation.layout.ColumnScope, kotlin.Unit> origin=LAMBDA
        COMPOSITE type=kotlin.Unit origin=null
        FUNCTION_REFERENCE 'private final fun invoke$lambda$1 ($tx: com.paysetu.app.data.ledger.entity.LedgerTransactionEntity): kotlin.Unit declared in com.paysetu.app.ui.ledger.LedgerScreenKt.LedgerScreen$lambda$3$lambda$2.<no name provided>' type=@[ExtensionFunctionType] kotlin.Function1<androidx.compose.foundation.layout.ColumnScope, kotlin.Unit> origin=INLINE_LAMBDA reflectionTarget=null
          $tx: GET_FIELD 'FIELD FIELD_FOR_CAPTURED_VALUE name:$tx type:com.paysetu.app.data.ledger.entity.LedgerTransactionEntity visibility:public/*package*/ [final] declared in com.paysetu.app.ui.ledger.LedgerScreenKt.LedgerScreen$lambda$3$lambda$2.<no name provided>' type=com.paysetu.app.data.ledger.entity.LedgerTransactionEntity origin=null
            receiver: GET_VAR '<this>: com.paysetu.app.ui.ledger.LedgerScreenKt.LedgerScreen$lambda$3$lambda$2.<no name provided> declared in com.paysetu.app.ui.ledger.LedgerScreenKt.LedgerScreen$lambda$3$lambda$2.<no name provided>.invoke' type=com.paysetu.app.ui.ledger.LedgerScreenKt.LedgerScreen$lambda$3$lambda$2.<no name provided> origin=null
      $mask0: CONST Int type=kotlin.Int value=6
      $handler: CONST Null type=kotlin.Any? value=null

	at org.jetbrains.kotlin.backend.jvm.codegen.FunctionCodegen.generate(FunctionCodegen.kt:47)
	at org.jetbrains.kotlin.backend.jvm.codegen.FunctionCodegen.generate$default(FunctionCodegen.kt:40)
	at org.jetbrains.kotlin.backend.jvm.codegen.ClassCodegen.generateMethodNode(ClassCodegen.kt:406)
	at org.jetbrains.kotlin.backend.jvm.codegen.ClassCodegen.generateMethod(ClassCodegen.kt:423)
	at org.jetbrains.kotlin.backend.jvm.codegen.ClassCodegen.generate(ClassCodegen.kt:168)
	at org.jetbrains.kotlin.backend.jvm.codegen.ExpressionCodegen.visitClass(ExpressionCodegen.kt:1000)
	at org.jetbrains.kotlin.backend.jvm.codegen.ExpressionCodegen.visitClass(ExpressionCodegen.kt:138)
	at org.jetbrains.kotlin.ir.declarations.IrClass.accept(IrClass.kt:72)
	at org.jetbrains.kotlin.backend.jvm.codegen.ExpressionCodegen.visitStatementContainer(ExpressionCodegen.kt:579)
	at org.jetbrains.kotlin.backend.jvm.codegen.ExpressionCodegen.visitContainerExpression(ExpressionCodegen.kt:593)
	at org.jetbrains.kotlin.backend.jvm.codegen.ExpressionCodegen.visitContainerExpression(ExpressionCodegen.kt:138)
	at org.jetbrains.kotlin.ir.visitors.IrElementVisitor$DefaultImpls.visitBlock(IrElementVisitor.kt:122)
	at org.jetbrains.kotlin.backend.jvm.codegen.ExpressionCodegen.visitBlock(ExpressionCodegen.kt:413)
	at org.jetbrains.kotlin.backend.jvm.codegen.ExpressionCodegen.visitBlock(ExpressionCodegen.kt:138)
	at org.jetbrains.kotlin.ir.expressions.IrBlock.accept(IrBlock.kt:18)
	at org.jetbrains.kotlin.backend.jvm.codegen.ExpressionCodegen.gen(ExpressionCodegen.kt:217)
	at org.jetbrains.kotlin.backend.jvm.codegen.IrCallGenerator.genValueAndPut(IrCallGenerator.kt:48)
	at org.jetbrains.kotlin.backend.jvm.codegen.ExpressionCodegen.visitCall$handleParameter(ExpressionCodegen.kt:616)
	at org.jetbrains.kotlin.backend.jvm.codegen.ExpressionCodegen.visitCall(ExpressionCodegen.kt:644)
	at org.jetbrains.kotlin.backend.jvm.codegen.ExpressionCodegen.visitCall(ExpressionCodegen.kt:138)
	at org.jetbrains.kotlin.ir.expressions.IrCall.accept(IrCall.kt:24)
	at org.jetbrains.kotlin.backend.jvm.codegen.ExpressionCodegen.visitStatementContainer(ExpressionCodegen.kt:579)
	at org.jetbrains.kotlin.backend.jvm.codegen.ExpressionCodegen.visitBlockBody(ExpressionCodegen.kt:584)
	at org.jetbrains.kotlin.backend.jvm.codegen.ExpressionCodegen.visitBlockBody(ExpressionCodegen.kt:138)
	at org.jetbrains.kotlin.ir.expressions.IrBlockBody.accept(IrBlockBody.kt:20)
	at org.jetbrains.kotlin.backend.jvm.codegen.ExpressionCodegen.generate(ExpressionCodegen.kt:240)
	at org.jetbrains.kotlin.backend.jvm.codegen.FunctionCodegen.doGenerate(FunctionCodegen.kt:123)
	at org.jetbrains.kotlin.backend.jvm.codegen.FunctionCodegen.generate(FunctionCodegen.kt:44)
	... 67 more
Caused by: java.lang.RuntimeException: Exception while generating code for:
FUN INLINE_LAMBDA name:invoke$lambda$1 visibility:private modality:FINAL <> ($receiver:androidx.compose.foundation.layout.ColumnScope, $tx:com.paysetu.app.data.ledger.entity.LedgerTransactionEntity) returnType:kotlin.Unit
  $receiver: VALUE_PARAMETER name:$this$Column type:androidx.compose.foundation.layout.ColumnScope
  VALUE_PARAMETER BOUND_VALUE_PARAMETER name:$tx index:0 type:com.paysetu.app.data.ledger.entity.LedgerTransactionEntity
  BLOCK_BODY
    VAR name:$i$a$-Column$default-LedgerScreenKt$LedgerScreen$1$2$1$1 type:kotlin.Int [val]
      CONST Int type=kotlin.Int value=0
    CALL 'public final fun Text-80ic1_w$default (text: kotlin.String, modifier: androidx.compose.ui.Modifier?, color: androidx.compose.ui.graphics.Color, fontSize: androidx.compose.ui.unit.TextUnit, fontStyle: androidx.compose.ui.text.font.FontStyle?, fontWeight: androidx.compose.ui.text.font.FontWeight?, fontFamily: androidx.compose.ui.text.font.FontFamily?, letterSpacing: androidx.compose.ui.unit.TextUnit, textDecoration: androidx.compose.ui.text.style.TextDecoration?, textAlign: androidx.compose.ui.text.style.TextAlign?, lineHeight: androidx.compose.ui.unit.TextUnit, overflow: androidx.compose.ui.text.style.TextOverflow, softWrap: kotlin.Boolean, maxLines: kotlin.Int, minLines: kotlin.Int, onTextLayout: kotlin.Function1<androidx.compose.ui.text.TextLayoutResult, kotlin.Unit>?, style: androidx.compose.ui.text.TextStyle?, $mask0: kotlin.Int, $handler: kotlin.Any?): kotlin.Unit declared in androidx.compose.material3.TextKt' type=kotlin.Unit origin=DEFAULT_DISPATCH_CALL
      text: STRING_CONCATENATION type=kotlin.String
        CONST String type=kotlin.String value="Amount: "
        CALL 'public final fun <get-amount> (): kotlin.Long declared in com.paysetu.app.data.ledger.entity.LedgerTransactionEntity' type=kotlin.Long origin=GET_PROPERTY
          $this: GET_VAR '$tx: com.paysetu.app.data.ledger.entity.LedgerTransactionEntity declared in com.paysetu.app.ui.ledger.LedgerScreenKt.LedgerScreen$lambda$3$lambda$2.<no name provided>.invoke$lambda$1' type=com.paysetu.app.data.ledger.entity.LedgerTransactionEntity origin=null
      modifier: COMPOSITE type=androidx.compose.ui.Modifier? origin=DEFAULT_VALUE
        CONST Null type=androidx.compose.ui.Modifier? value=null
      color: COMPOSITE type=androidx.compose.ui.graphics.Color origin=DEFAULT_VALUE
        CALL 'public final fun <unsafe-coerce> <T, R> (v: T of kotlin.jvm.internal.<unsafe-coerce>): R of kotlin.jvm.internal.<unsafe-coerce> declared in kotlin.jvm.internal' type=androidx.compose.ui.graphics.Color origin=null
          <T>: kotlin.Long
          <R>: androidx.compose.ui.graphics.Color
          v: CONST Long type=kotlin.Long value=0
      fontSize: COMPOSITE type=androidx.compose.ui.unit.TextUnit origin=DEFAULT_VALUE
        CALL 'public final fun <unsafe-coerce> <T, R> (v: T of kotlin.jvm.internal.<unsafe-coerce>): R of kotlin.jvm.internal.<unsafe-coerce> declared in kotlin.jvm.internal' type=androidx.compose.ui.unit.TextUnit origin=null
          <T>: kotlin.Long
          <R>: androidx.compose.ui.unit.TextUnit
          v: CONST Long type=kotlin.Long value=0
      fontStyle: COMPOSITE type=androidx.compose.ui.text.font.FontStyle? origin=DEFAULT_VALUE
        CONST Null type=androidx.compose.ui.text.font.FontStyle? value=null
      fontWeight: COMPOSITE type=androidx.compose.ui.text.font.FontWeight? origin=DEFAULT_VALUE
        CONST Null type=androidx.compose.ui.text.font.FontWeight? value=null
      fontFamily: COMPOSITE type=androidx.compose.ui.text.font.FontFamily? origin=DEFAULT_VALUE
        CONST Null type=androidx.compose.ui.text.font.FontFamily? value=null
      letterSpacing: COMPOSITE type=androidx.compose.ui.unit.TextUnit origin=DEFAULT_VALUE
        CALL 'public final fun <unsafe-coerce> <T, R> (v: T of kotlin.jvm.internal.<unsafe-coerce>): R of kotlin.jvm.internal.<unsafe-coerce> declared in kotlin.jvm.internal' type=androidx.compose.ui.unit.TextUnit origin=null
          <T>: kotlin.Long
          <R>: androidx.compose.ui.unit.TextUnit
          v: CONST Long type=kotlin.Long value=0
      textDecoration: COMPOSITE type=androidx.compose.ui.text.style.TextDecoration? origin=DEFAULT_VALUE
        CONST Null type=androidx.compose.ui.text.style.TextDecoration? value=null
      textAlign: COMPOSITE type=androidx.compose.ui.text.style.TextAlign? origin=DEFAULT_VALUE
        CONST Null type=androidx.compose.ui.text.style.TextAlign? value=null
      lineHeight: COMPOSITE type=androidx.compose.ui.unit.TextUnit origin=DEFAULT_VALUE
        CALL 'public final fun <unsafe-coerce> <T, R> (v: T of kotlin.jvm.internal.<unsafe-coerce>): R of kotlin.jvm.internal.<unsafe-coerce> declared in kotlin.jvm.internal' type=androidx.compose.ui.unit.TextUnit origin=null
          <T>: kotlin.Long
          <R>: androidx.compose.ui.unit.TextUnit
          v: CONST Long type=kotlin.Long value=0
      overflow: COMPOSITE type=androidx.compose.ui.text.style.TextOverflow origin=DEFAULT_VALUE
        CALL 'public final fun <unsafe-coerce> <T, R> (v: T of kotlin.jvm.internal.<unsafe-coerce>): R of kotlin.jvm.internal.<unsafe-coerce> declared in kotlin.jvm.internal' type=androidx.compose.ui.text.style.TextOverflow origin=null
          <T>: kotlin.Int
          <R>: androidx.compose.ui.text.style.TextOverflow
          v: CONST Int type=kotlin.Int value=0
      softWrap: COMPOSITE type=kotlin.Boolean origin=DEFAULT_VALUE
        CONST Boolean type=kotlin.Boolean value=false
      maxLines: COMPOSITE type=kotlin.Int origin=DEFAULT_VALUE
        CONST Int type=kotlin.Int value=0
      minLines: COMPOSITE type=kotlin.Int origin=DEFAULT_VALUE
        CONST Int type=kotlin.Int value=0
      onTextLayout: COMPOSITE type=kotlin.Function1<androidx.compose.ui.text.TextLayoutResult, kotlin.Unit>? origin=DEFAULT_VALUE
        CONST Null type=kotlin.Function1<androidx.compose.ui.text.TextLayoutResult, kotlin.Unit>? value=null
      style: COMPOSITE type=androidx.compose.ui.text.TextStyle? origin=DEFAULT_VALUE
        CONST Null type=androidx.compose.ui.text.TextStyle? value=null
      $mask0: CONST Int type=kotlin.Int value=131070
      $handler: CONST Null type=kotlin.Any? value=null
    CALL 'public final fun Text-80ic1_w$default (text: kotlin.String, modifier: androidx.compose.ui.Modifier?, color: androidx.compose.ui.graphics.Color, fontSize: androidx.compose.ui.unit.TextUnit, fontStyle: androidx.compose.ui.text.font.FontStyle?, fontWeight: androidx.compose.ui.text.font.FontWeight?, fontFamily: androidx.compose.ui.text.font.FontFamily?, letterSpacing: androidx.compose.ui.unit.TextUnit, textDecoration: androidx.compose.ui.text.style.TextDecoration?, textAlign: androidx.compose.ui.text.style.TextAlign?, lineHeight: androidx.compose.ui.unit.TextUnit, overflow: androidx.compose.ui.text.style.TextOverflow, softWrap: kotlin.Boolean, maxLines: kotlin.Int, minLines: kotlin.Int, onTextLayout: kotlin.Function1<androidx.compose.ui.text.TextLayoutResult, kotlin.Unit>?, style: androidx.compose.ui.text.TextStyle?, $mask0: kotlin.Int, $handler: kotlin.Any?): kotlin.Unit declared in androidx.compose.material3.TextKt' type=kotlin.Unit origin=DEFAULT_DISPATCH_CALL
      text: STRING_CONCATENATION type=kotlin.String
        CONST String type=kotlin.String value="Status: "
        CALL 'public final fun <get-name> (): kotlin.String [fake_override] declared in com.paysetu.app.data.ledger.entity.TransactionStatus' type=kotlin.String origin=GET_PROPERTY
          $this: CALL 'public final fun <get-status> (): com.paysetu.app.data.ledger.entity.TransactionStatus declared in com.paysetu.app.data.ledger.entity.LedgerTransactionEntity' type=com.paysetu.app.data.ledger.entity.TransactionStatus origin=GET_PROPERTY
            $this: GET_VAR '$tx: com.paysetu.app.data.ledger.entity.LedgerTransactionEntity declared in com.paysetu.app.ui.ledger.LedgerScreenKt.LedgerScreen$lambda$3$lambda$2.<no name provided>.invoke$lambda$1' type=com.paysetu.app.data.ledger.entity.LedgerTransactionEntity origin=null
      modifier: COMPOSITE type=androidx.compose.ui.Modifier? origin=DEFAULT_VALUE
        CONST Null type=androidx.compose.ui.Modifier? value=null
      color: COMPOSITE type=androidx.compose.ui.graphics.Color origin=DEFAULT_VALUE
        CALL 'public final fun <unsafe-coerce> <T, R> (v: T of kotlin.jvm.internal.<unsafe-coerce>): R of kotlin.jvm.internal.<unsafe-coerce> declared in kotlin.jvm.internal' type=androidx.compose.ui.graphics.Color origin=null
          <T>: kotlin.Long
          <R>: androidx.compose.ui.graphics.Color
          v: CONST Long type=kotlin.Long value=0
      fontSize: COMPOSITE type=androidx.compose.ui.unit.TextUnit origin=DEFAULT_VALUE
        CALL 'public final fun <unsafe-coerce> <T, R> (v: T of kotlin.jvm.internal.<unsafe-coerce>): R of kotlin.jvm.internal.<unsafe-coerce> declared in kotlin.jvm.internal' type=androidx.compose.ui.unit.TextUnit origin=null
          <T>: kotlin.Long
          <R>: androidx.compose.ui.unit.TextUnit
          v: CONST Long type=kotlin.Long value=0
      fontStyle: COMPOSITE type=androidx.compose.ui.text.font.FontStyle? origin=DEFAULT_VALUE
        CONST Null type=androidx.compose.ui.text.font.FontStyle? value=null
      fontWeight: COMPOSITE type=androidx.compose.ui.text.font.FontWeight? origin=DEFAULT_VALUE
        CONST Null type=androidx.compose.ui.text.font.FontWeight? value=null
      fontFamily: COMPOSITE type=androidx.compose.ui.text.font.FontFamily? origin=DEFAULT_VALUE
        CONST Null type=androidx.compose.ui.text.font.FontFamily? value=null
      letterSpacing: COMPOSITE type=androidx.compose.ui.unit.TextUnit origin=DEFAULT_VALUE
        CALL 'public final fun <unsafe-coerce> <T, R> (v: T of kotlin.jvm.internal.<unsafe-coerce>): R of kotlin.jvm.internal.<unsafe-coerce> declared in kotlin.jvm.internal' type=androidx.compose.ui.unit.TextUnit origin=null
          <T>: kotlin.Long
          <R>: androidx.compose.ui.unit.TextUnit
          v: CONST Long type=kotlin.Long value=0
      textDecoration: COMPOSITE type=androidx.compose.ui.text.style.TextDecoration? origin=DEFAULT_VALUE
        CONST Null type=androidx.compose.ui.text.style.TextDecoration? value=null
      textAlign: COMPOSITE type=androidx.compose.ui.text.style.TextAlign? origin=DEFAULT_VALUE
        CONST Null type=androidx.compose.ui.text.style.TextAlign? value=null
      lineHeight: COMPOSITE type=androidx.compose.ui.unit.TextUnit origin=DEFAULT_VALUE
        CALL 'public final fun <unsafe-coerce> <T, R> (v: T of kotlin.jvm.internal.<unsafe-coerce>): R of kotlin.jvm.internal.<unsafe-coerce> declared in kotlin.jvm.internal' type=androidx.compose.ui.unit.TextUnit origin=null
          <T>: kotlin.Long
          <R>: androidx.compose.ui.unit.TextUnit
          v: CONST Long type=kotlin.Long value=0
      overflow: COMPOSITE type=androidx.compose.ui.text.style.TextOverflow origin=DEFAULT_VALUE
        CALL 'public final fun <unsafe-coerce> <T, R> (v: T of kotlin.jvm.internal.<unsafe-coerce>): R of kotlin.jvm.internal.<unsafe-coerce> declared in kotlin.jvm.internal' type=androidx.compose.ui.text.style.TextOverflow origin=null
          <T>: kotlin.Int
          <R>: androidx.compose.ui.text.style.TextOverflow
          v: CONST Int type=kotlin.Int value=0
      softWrap: COMPOSITE type=kotlin.Boolean origin=DEFAULT_VALUE
        CONST Boolean type=kotlin.Boolean value=false
      maxLines: COMPOSITE type=kotlin.Int origin=DEFAULT_VALUE
        CONST Int type=kotlin.Int value=0
      minLines: COMPOSITE type=kotlin.Int origin=DEFAULT_VALUE
        CONST Int type=kotlin.Int value=0
      onTextLayout: COMPOSITE type=kotlin.Function1<androidx.compose.ui.text.TextLayoutResult, kotlin.Unit>? origin=DEFAULT_VALUE
        CONST Null type=kotlin.Function1<androidx.compose.ui.text.TextLayoutResult, kotlin.Unit>? value=null
      style: COMPOSITE type=androidx.compose.ui.text.TextStyle? origin=DEFAULT_VALUE
        CONST Null type=androidx.compose.ui.text.TextStyle? value=null
      $mask0: CONST Int type=kotlin.Int value=131070
      $handler: CONST Null type=kotlin.Any? value=null
    CALL 'public final fun Text-80ic1_w$default (text: kotlin.String, modifier: androidx.compose.ui.Modifier?, color: androidx.compose.ui.graphics.Color, fontSize: androidx.compose.ui.unit.TextUnit, fontStyle: androidx.compose.ui.text.font.FontStyle?, fontWeight: androidx.compose.ui.text.font.FontWeight?, fontFamily: androidx.compose.ui.text.font.FontFamily?, letterSpacing: androidx.compose.ui.unit.TextUnit, textDecoration: androidx.compose.ui.text.style.TextDecoration?, textAlign: androidx.compose.ui.text.style.TextAlign?, lineHeight: androidx.compose.ui.unit.TextUnit, overflow: androidx.compose.ui.text.style.TextOverflow, softWrap: kotlin.Boolean, maxLines: kotlin.Int, minLines: kotlin.Int, onTextLayout: kotlin.Function1<androidx.compose.ui.text.TextLayoutResult, kotlin.Unit>?, style: androidx.compose.ui.text.TextStyle?, $mask0: kotlin.Int, $handler: kotlin.Any?): kotlin.Unit declared in androidx.compose.material3.TextKt' type=kotlin.Unit origin=DEFAULT_DISPATCH_CALL
      text: STRING_CONCATENATION type=kotlin.String
        CONST String type=kotlin.String value="Direction: "
        CALL 'public final fun <get-name> (): kotlin.String [fake_override] declared in com.paysetu.app.data.ledger.entity.TransactionDirection' type=kotlin.String origin=GET_PROPERTY
          $this: CALL 'public final fun <get-direction> (): com.paysetu.app.data.ledger.entity.TransactionDirection declared in com.paysetu.app.data.ledger.entity.LedgerTransactionEntity' type=com.paysetu.app.data.ledger.entity.TransactionDirection origin=GET_PROPERTY
            $this: GET_VAR '$tx: com.paysetu.app.data.ledger.entity.LedgerTransactionEntity declared in com.paysetu.app.ui.ledger.LedgerScreenKt.LedgerScreen$lambda$3$lambda$2.<no name provided>.invoke$lambda$1' type=com.paysetu.app.data.ledger.entity.LedgerTransactionEntity origin=null
      modifier: COMPOSITE type=androidx.compose.ui.Modifier? origin=DEFAULT_VALUE
        CONST Null type=androidx.compose.ui.Modifier? value=null
      color: COMPOSITE type=androidx.compose.ui.graphics.Color origin=DEFAULT_VALUE
        CALL 'public final fun <unsafe-coerce> <T, R> (v: T of kotlin.jvm.internal.<unsafe-coerce>): R of kotlin.jvm.internal.<unsafe-coerce> declared in kotlin.jvm.internal' type=androidx.compose.ui.graphics.Color origin=null
          <T>: kotlin.Long
          <R>: androidx.compose.ui.graphics.Color
          v: CONST Long type=kotlin.Long value=0
      fontSize: COMPOSITE type=androidx.compose.ui.unit.TextUnit origin=DEFAULT_VALUE
        CALL 'public final fun <unsafe-coerce> <T, R> (v: T of kotlin.jvm.internal.<unsafe-coerce>): R of kotlin.jvm.internal.<unsafe-coerce> declared in kotlin.jvm.internal' type=androidx.compose.ui.unit.TextUnit origin=null
          <T>: kotlin.Long
          <R>: androidx.compose.ui.unit.TextUnit
          v: CONST Long type=kotlin.Long value=0
      fontStyle: COMPOSITE type=androidx.compose.ui.text.font.FontStyle? origin=DEFAULT_VALUE
        CONST Null type=androidx.compose.ui.text.font.FontStyle? value=null
      fontWeight: COMPOSITE type=androidx.compose.ui.text.font.FontWeight? origin=DEFAULT_VALUE
        CONST Null type=androidx.compose.ui.text.font.FontWeight? value=null
      fontFamily: COMPOSITE type=androidx.compose.ui.text.font.FontFamily? origin=DEFAULT_VALUE
        CONST Null type=androidx.compose.ui.text.font.FontFamily? value=null
      letterSpacing: COMPOSITE type=androidx.compose.ui.unit.TextUnit origin=DEFAULT_VALUE
        CALL 'public final fun <unsafe-coerce> <T, R> (v: T of kotlin.jvm.internal.<unsafe-coerce>): R of kotlin.jvm.internal.<unsafe-coerce> declared in kotlin.jvm.internal' type=androidx.compose.ui.unit.TextUnit origin=null
          <T>: kotlin.Long
          <R>: androidx.compose.ui.unit.TextUnit
          v: CONST Long type=kotlin.Long value=0
      textDecoration: COMPOSITE type=androidx.compose.ui.text.style.TextDecoration? origin=DEFAULT_VALUE
        CONST Null type=androidx.compose.ui.text.style.TextDecoration? value=null
      textAlign: COMPOSITE type=androidx.compose.ui.text.style.TextAlign? origin=DEFAULT_VALUE
        CONST Null type=androidx.compose.ui.text.style.TextAlign? value=null
      lineHeight: COMPOSITE type=androidx.compose.ui.unit.TextUnit origin=DEFAULT_VALUE
        CALL 'public final fun <unsafe-coerce> <T, R> (v: T of kotlin.jvm.internal.<unsafe-coerce>): R of kotlin.jvm.internal.<unsafe-coerce> declared in kotlin.jvm.internal' type=androidx.compose.ui.unit.TextUnit origin=null
          <T>: kotlin.Long
          <R>: androidx.compose.ui.unit.TextUnit
          v: CONST Long type=kotlin.Long value=0
      overflow: COMPOSITE type=androidx.compose.ui.text.style.TextOverflow origin=DEFAULT_VALUE
        CALL 'public final fun <unsafe-coerce> <T, R> (v: T of kotlin.jvm.internal.<unsafe-coerce>): R of kotlin.jvm.internal.<unsafe-coerce> declared in kotlin.jvm.internal' type=androidx.compose.ui.text.style.TextOverflow origin=null
          <T>: kotlin.Int
          <R>: androidx.compose.ui.text.style.TextOverflow
          v: CONST Int type=kotlin.Int value=0
      softWrap: COMPOSITE type=kotlin.Boolean origin=DEFAULT_VALUE
        CONST Boolean type=kotlin.Boolean value=false
      maxLines: COMPOSITE type=kotlin.Int origin=DEFAULT_VALUE
        CONST Int type=kotlin.Int value=0
      minLines: COMPOSITE type=kotlin.Int origin=DEFAULT_VALUE
        CONST Int type=kotlin.Int value=0
      onTextLayout: COMPOSITE type=kotlin.Function1<androidx.compose.ui.text.TextLayoutResult, kotlin.Unit>? origin=DEFAULT_VALUE
        CONST Null type=kotlin.Function1<androidx.compose.ui.text.TextLayoutResult, kotlin.Unit>? value=null
      style: COMPOSITE type=androidx.compose.ui.text.TextStyle? origin=DEFAULT_VALUE
        CONST Null type=androidx.compose.ui.text.TextStyle? value=null
      $mask0: CONST Int type=kotlin.Int value=131070
      $handler: CONST Null type=kotlin.Any? value=null
    VAR name:hashHex type:kotlin.String [val]
      CALL 'public final fun remember <T> (key1: kotlin.Any?, calculation: @[DisallowComposableCalls] kotlin.Function0<T of androidx.compose.runtime.ComposablesKt.remember>): T of androidx.compose.runtime.ComposablesKt.remember [inline] declared in androidx.compose.runtime.ComposablesKt' type=kotlin.String origin=null
        <T>: kotlin.String
        key1: CALL 'public final fun <get-txHash> (): kotlin.ByteArray declared in com.paysetu.app.data.ledger.entity.LedgerTransactionEntity' type=kotlin.ByteArray origin=GET_PROPERTY
          $this: GET_VAR '$tx: com.paysetu.app.data.ledger.entity.LedgerTransactionEntity declared in com.paysetu.app.ui.ledger.LedgerScreenKt.LedgerScreen$lambda$3$lambda$2.<no name provided>.invoke$lambda$1' type=com.paysetu.app.data.ledger.entity.LedgerTransactionEntity origin=null
        calculation: BLOCK type=kotlin.Function0<kotlin.String> origin=LAMBDA
          COMPOSITE type=kotlin.Unit origin=null
          FUNCTION_REFERENCE 'private final fun invoke$lambda$1$lambda$0 ($tx: com.paysetu.app.data.ledger.entity.LedgerTransactionEntity): kotlin.String declared in com.paysetu.app.ui.ledger.LedgerScreenKt.LedgerScreen$lambda$3$lambda$2.<no name provided>' type=kotlin.Function0<kotlin.String> origin=INLINE_LAMBDA reflectionTarget=null
            $tx: GET_VAR '$tx: com.paysetu.app.data.ledger.entity.LedgerTransactionEntity declared in com.paysetu.app.ui.ledger.LedgerScreenKt.LedgerScreen$lambda$3$lambda$2.<no name provided>.invoke$lambda$1' type=com.paysetu.app.data.ledger.entity.LedgerTransactionEntity origin=null
    CALL 'public final fun Text-80ic1_w$default (text: kotlin.String, modifier: androidx.compose.ui.Modifier?, color: androidx.compose.ui.graphics.Color, fontSize: androidx.compose.ui.unit.TextUnit, fontStyle: androidx.compose.ui.text.font.FontStyle?, fontWeight: androidx.compose.ui.text.font.FontWeight?, fontFamily: androidx.compose.ui.text.font.FontFamily?, letterSpacing: androidx.compose.ui.unit.TextUnit, textDecoration: androidx.compose.ui.text.style.TextDecoration?, textAlign: androidx.compose.ui.text.style.TextAlign?, lineHeight: androidx.compose.ui.unit.TextUnit, overflow: androidx.compose.ui.text.style.TextOverflow, softWrap: kotlin.Boolean, maxLines: kotlin.Int, minLines: kotlin.Int, onTextLayout: kotlin.Function1<androidx.compose.ui.text.TextLayoutResult, kotlin.Unit>?, style: androidx.compose.ui.text.TextStyle?, $mask0: kotlin.Int, $handler: kotlin.Any?): kotlin.Unit declared in androidx.compose.material3.TextKt' type=kotlin.Unit origin=DEFAULT_DISPATCH_CALL
      text: STRING_CONCATENATION type=kotlin.String
        CONST String type=kotlin.String value="TxHash: "
        CALL 'public final fun take (n: kotlin.Int): kotlin.String declared in kotlin.text.StringsKt' type=kotlin.String origin=null
          $receiver: GET_VAR 'val hashHex: kotlin.String [val] declared in com.paysetu.app.ui.ledger.LedgerScreenKt.LedgerScreen$lambda$3$lambda$2.<no name provided>.invoke$lambda$1' type=kotlin.String origin=null
          n: CONST Int type=kotlin.Int value=12
        CONST String type=kotlin.String value="..."
      modifier: COMPOSITE type=androidx.compose.ui.Modifier? origin=DEFAULT_VALUE
        CONST Null type=androidx.compose.ui.Modifier? value=null
      color: COMPOSITE type=androidx.compose.ui.graphics.Color origin=DEFAULT_VALUE
        CALL 'public final fun <unsafe-coerce> <T, R> (v: T of kotlin.jvm.internal.<unsafe-coerce>): R of kotlin.jvm.internal.<unsafe-coerce> declared in kotlin.jvm.internal' type=androidx.compose.ui.graphics.Color origin=null
          <T>: kotlin.Long
          <R>: androidx.compose.ui.graphics.Color
          v: CONST Long type=kotlin.Long value=0
      fontSize: COMPOSITE type=androidx.compose.ui.unit.TextUnit origin=DEFAULT_VALUE
        CALL 'public final fun <unsafe-coerce> <T, R> (v: T of kotlin.jvm.internal.<unsafe-coerce>): R of kotlin.jvm.internal.<unsafe-coerce> declared in kotlin.jvm.internal' type=androidx.compose.ui.unit.TextUnit origin=null
          <T>: kotlin.Long
          <R>: androidx.compose.ui.unit.TextUnit
          v: CONST Long type=kotlin.Long value=0
      fontStyle: COMPOSITE type=androidx.compose.ui.text.font.FontStyle? origin=DEFAULT_VALUE
        CONST Null type=androidx.compose.ui.text.font.FontStyle? value=null
      fontWeight: COMPOSITE type=androidx.compose.ui.text.font.FontWeight? origin=DEFAULT_VALUE
        CONST Null type=androidx.compose.ui.text.font.FontWeight? value=null
      fontFamily: COMPOSITE type=androidx.compose.ui.text.font.FontFamily? origin=DEFAULT_VALUE
        CONST Null type=androidx.compose.ui.text.font.FontFamily? value=null
      letterSpacing: COMPOSITE type=androidx.compose.ui.unit.TextUnit origin=DEFAULT_VALUE
        CALL 'public final fun <unsafe-coerce> <T, R> (v: T of kotlin.jvm.internal.<unsafe-coerce>): R of kotlin.jvm.internal.<unsafe-coerce> declared in kotlin.jvm.internal' type=androidx.compose.ui.unit.TextUnit origin=null
          <T>: kotlin.Long
          <R>: androidx.compose.ui.unit.TextUnit
          v: CONST Long type=kotlin.Long value=0
      textDecoration: COMPOSITE type=androidx.compose.ui.text.style.TextDecoration? origin=DEFAULT_VALUE
        CONST Null type=androidx.compose.ui.text.style.TextDecoration? value=null
      textAlign: COMPOSITE type=androidx.compose.ui.text.style.TextAlign? origin=DEFAULT_VALUE
        CONST Null type=androidx.compose.ui.text.style.TextAlign? value=null
      lineHeight: COMPOSITE type=androidx.compose.ui.unit.TextUnit origin=DEFAULT_VALUE
        CALL 'public final fun <unsafe-coerce> <T, R> (v: T of kotlin.jvm.internal.<unsafe-coerce>): R of kotlin.jvm.internal.<unsafe-coerce> declared in kotlin.jvm.internal' type=androidx.compose.ui.unit.TextUnit origin=null
          <T>: kotlin.Long
          <R>: androidx.compose.ui.unit.TextUnit
          v: CONST Long type=kotlin.Long value=0
      overflow: COMPOSITE type=androidx.compose.ui.text.style.TextOverflow origin=DEFAULT_VALUE
        CALL 'public final fun <unsafe-coerce> <T, R> (v: T of kotlin.jvm.internal.<unsafe-coerce>): R of kotlin.jvm.internal.<unsafe-coerce> declared in kotlin.jvm.internal' type=androidx.compose.ui.text.style.TextOverflow origin=null
          <T>: kotlin.Int
          <R>: androidx.compose.ui.text.style.TextOverflow
          v: CONST Int type=kotlin.Int value=0
      softWrap: COMPOSITE type=kotlin.Boolean origin=DEFAULT_VALUE
        CONST Boolean type=kotlin.Boolean value=false
      maxLines: COMPOSITE type=kotlin.Int origin=DEFAULT_VALUE
        CONST Int type=kotlin.Int value=0
      minLines: COMPOSITE type=kotlin.Int origin=DEFAULT_VALUE
        CONST Int type=kotlin.Int value=0
      onTextLayout: COMPOSITE type=kotlin.Function1<androidx.compose.ui.text.TextLayoutResult, kotlin.Unit>? origin=DEFAULT_VALUE
        CONST Null type=kotlin.Function1<androidx.compose.ui.text.TextLayoutResult, kotlin.Unit>? value=null
      style: COMPOSITE type=androidx.compose.ui.text.TextStyle? origin=DEFAULT_VALUE
        CONST Null type=androidx.compose.ui.text.TextStyle? value=null
      $mask0: CONST Int type=kotlin.Int value=131070
      $handler: CONST Null type=kotlin.Any? value=null

	at org.jetbrains.kotlin.backend.jvm.codegen.FunctionCodegen.generate(FunctionCodegen.kt:47)
	at org.jetbrains.kotlin.backend.jvm.codegen.IrSourceCompilerForInline.generateLambdaBody(IrSourceCompilerForInline.kt:67)
	at org.jetbrains.kotlin.codegen.inline.ExpressionLambda.generateLambdaBody(LambdaInfo.kt:72)
	at org.jetbrains.kotlin.backend.jvm.codegen.IrInlineCodegen.genValueAndPut(IrInlineCodegen.kt:100)
	at org.jetbrains.kotlin.backend.jvm.codegen.ExpressionCodegen.visitCall$handleParameter(ExpressionCodegen.kt:616)
	at org.jetbrains.kotlin.backend.jvm.codegen.ExpressionCodegen.visitCall(ExpressionCodegen.kt:644)
	at org.jetbrains.kotlin.backend.jvm.codegen.ExpressionCodegen.visitCall(ExpressionCodegen.kt:138)
	at org.jetbrains.kotlin.ir.expressions.IrCall.accept(IrCall.kt:24)
	at org.jetbrains.kotlin.backend.jvm.codegen.ExpressionCodegen.visitStatementContainer(ExpressionCodegen.kt:579)
	at org.jetbrains.kotlin.backend.jvm.codegen.ExpressionCodegen.visitBlockBody(ExpressionCodegen.kt:584)
	at org.jetbrains.kotlin.backend.jvm.codegen.ExpressionCodegen.visitBlockBody(ExpressionCodegen.kt:138)
	at org.jetbrains.kotlin.ir.expressions.IrBlockBody.accept(IrBlockBody.kt:20)
	at org.jetbrains.kotlin.backend.jvm.codegen.ExpressionCodegen.generate(ExpressionCodegen.kt:240)
	at org.jetbrains.kotlin.backend.jvm.codegen.FunctionCodegen.doGenerate(FunctionCodegen.kt:123)
	at org.jetbrains.kotlin.backend.jvm.codegen.FunctionCodegen.generate(FunctionCodegen.kt:44)
	... 94 more
Caused by: org.jetbrains.kotlin.codegen.CompilationException: Back-end (JVM) Internal error: Couldn't inline method call: CALL 'public final fun remember <T> (key1: kotlin.Any?, calculation: @[DisallowComposableCalls] kotlin.Function0<T of androidx.compose.runtime.ComposablesKt.remember>): T of androidx.compose.runtime.ComposablesKt.remember [inline] declared in androidx.compose.runtime.ComposablesKt' type=kotlin.String origin=null
Method: null
File is unknown
The root cause java.lang.IllegalStateException was thrown at: org.jetbrains.kotlin.codegen.inline.SourceCompilerForInlineKt.getMethodNode(SourceCompilerForInline.kt:118)
	at org.jetbrains.kotlin.codegen.inline.InlineCodegen.performInline(InlineCodegen.kt:65)
	at org.jetbrains.kotlin.backend.jvm.codegen.IrInlineCodegen.genInlineCall(IrInlineCodegen.kt:163)
	at org.jetbrains.kotlin.backend.jvm.codegen.IrInlineCallGenerator.genCall(IrInlineCallGenerator.kt:36)
	at org.jetbrains.kotlin.backend.jvm.codegen.ExpressionCodegen.visitCall(ExpressionCodegen.kt:653)
	at org.jetbrains.kotlin.backend.jvm.codegen.ExpressionCodegen.visitCall(ExpressionCodegen.kt:138)
	at org.jetbrains.kotlin.ir.expressions.IrCall.accept(IrCall.kt:24)
	at org.jetbrains.kotlin.backend.jvm.codegen.ExpressionCodegen.visitVariable(ExpressionCodegen.kt:790)
	at org.jetbrains.kotlin.backend.jvm.codegen.ExpressionCodegen.visitVariable(ExpressionCodegen.kt:138)
	at org.jetbrains.kotlin.ir.declarations.IrVariable.accept(IrVariable.kt:36)
	at org.jetbrains.kotlin.backend.jvm.codegen.ExpressionCodegen.visitStatementContainer(ExpressionCodegen.kt:579)
	at org.jetbrains.kotlin.backend.jvm.codegen.ExpressionCodegen.visitBlockBody(ExpressionCodegen.kt:584)
	at org.jetbrains.kotlin.backend.jvm.codegen.ExpressionCodegen.visitBlockBody(ExpressionCodegen.kt:138)
	at org.jetbrains.kotlin.ir.expressions.IrBlockBody.accept(IrBlockBody.kt:20)
	at org.jetbrains.kotlin.backend.jvm.codegen.ExpressionCodegen.generate(ExpressionCodegen.kt:240)
	at org.jetbrains.kotlin.backend.jvm.codegen.FunctionCodegen.doGenerate(FunctionCodegen.kt:123)
	at org.jetbrains.kotlin.backend.jvm.codegen.FunctionCodegen.generate(FunctionCodegen.kt:44)
	... 108 more
Caused by: java.lang.IllegalStateException: couldn't find inline method Landroidx/compose/runtime/ComposablesKt;.remember(Ljava/lang/Object;Lkotlin/jvm/functions/Function0;)Ljava/lang/Object;
	at org.jetbrains.kotlin.codegen.inline.SourceCompilerForInlineKt.getMethodNode(SourceCompilerForInline.kt:118)
	at org.jetbrains.kotlin.codegen.inline.SourceCompilerForInlineKt.loadCompiledInlineFunction(SourceCompilerForInline.kt:96)
	at org.jetbrains.kotlin.backend.jvm.codegen.IrSourceCompilerForInline.compileInlineFunction(IrSourceCompilerForInline.kt:91)
	at org.jetbrains.kotlin.codegen.inline.InlineCodegen.compileInline(InlineCodegen.kt:43)
	at org.jetbrains.kotlin.codegen.inline.InlineCodegen.performInline(InlineCodegen.kt:51)
	... 123 more


